INFO: [SIM 2] *************** CSIM start ***************
INFO: [SIM 4] CSIM will launch GCC as the compiler.
   Compiling ../../../AbsTester.cpp in debug mode
   Generating csim.exe
>> Start test!
-8 -> 8
-7 -> 7
-6 -> 6
-5 -> 5
-4 -> 4
-3 -> 3
-2 -> 2
-1 -> 1
0 -> 0
1 -> 1
2 -> 2
3 -> 3
4 -> 4
5 -> 5
6 -> 6
7 -> 7
------------------------
>> Test passed!
------------------------
INFO: [SIM 1] CSim done with 0 errors.
INFO: [SIM 3] *************** CSIM finish ***************
