

================================================================
== Vivado HLS Report for 'leading_ones'
================================================================
* Date:           Thu Apr  8 05:50:03 2021

* Version:        2019.2 (Build 2704478 on Wed Nov 06 22:10:23 MST 2019)
* Project:        Multiplexor
* Solution:       solution1
* Product family: zynq
* Target device:  xc7z020-clg400-1


================================================================
== Performance Estimates
================================================================
+ Timing: 
    * Summary: 
    +--------+----------+----------+------------+
    |  Clock |  Target  | Estimated| Uncertainty|
    +--------+----------+----------+------------+
    |ap_clk  | 10.00 ns | 2.702 ns |   1.25 ns  |
    +--------+----------+----------+------------+

+ Latency: 
    * Summary: 
    +---------+---------+-----------+-----------+-----+-----+---------+
    |  Latency (cycles) |   Latency (absolute)  |  Interval | Pipeline|
    |   min   |   max   |    min    |    max    | min | max |   Type  |
    +---------+---------+-----------+-----------+-----+-----+---------+
    |        1|        1| 10.000 ns | 10.000 ns |    1|    1|   none  |
    +---------+---------+-----------+-----------+-----+-----+---------+

    + Detail: 
        * Instance: 
        N/A

        * Loop: 
        N/A



================================================================
== Utilization Estimates
================================================================
* Summary: 
+-----------------+---------+-------+--------+-------+-----+
|       Name      | BRAM_18K| DSP48E|   FF   |  LUT  | URAM|
+-----------------+---------+-------+--------+-------+-----+
|DSP              |        -|      -|       -|      -|    -|
|Expression       |        -|      -|       0|     60|    -|
|FIFO             |        -|      -|       -|      -|    -|
|Instance         |        -|      -|       -|      -|    -|
|Memory           |        -|      -|       -|      -|    -|
|Multiplexer      |        -|      -|       -|    183|    -|
|Register         |        -|      -|      14|      -|    -|
+-----------------+---------+-------+--------+-------+-----+
|Total            |        0|      0|      14|    243|    0|
+-----------------+---------+-------+--------+-------+-----+
|Available        |      280|    220|  106400|  53200|    0|
+-----------------+---------+-------+--------+-------+-----+
|Utilization (%)  |        0|      0|   ~0   |   ~0  |    0|
+-----------------+---------+-------+--------+-------+-----+

+ Detail: 
    * Instance: 
    N/A

    * DSP48E: 
    N/A

    * Memory: 
    N/A

    * FIFO: 
    N/A

    * Expression: 
    +-------------------+----------+-------+---+----+------------+------------+
    |   Variable Name   | Operation| DSP48E| FF| LUT| Bitwidth P0| Bitwidth P1|
    +-------------------+----------+-------+---+----+------------+------------+
    |ap_condition_119   |    and   |      0|  0|   2|           1|           1|
    |ap_condition_135   |    and   |      0|  0|   2|           1|           1|
    |ap_condition_139   |    and   |      0|  0|   2|           1|           1|
    |ap_condition_143   |    and   |      0|  0|   2|           1|           1|
    |ap_condition_147   |    and   |      0|  0|   2|           1|           1|
    |ap_condition_151   |    and   |      0|  0|   2|           1|           1|
    |ap_condition_155   |    and   |      0|  0|   2|           1|           1|
    |ap_condition_159   |    and   |      0|  0|   2|           1|           1|
    |ap_condition_163   |    and   |      0|  0|   2|           1|           1|
    |ap_condition_167   |    and   |      0|  0|   2|           1|           1|
    |ap_condition_171   |    and   |      0|  0|   2|           1|           1|
    |ap_condition_175   |    and   |      0|  0|   2|           1|           1|
    |ap_condition_179   |    and   |      0|  0|   2|           1|           1|
    |ap_condition_183   |    and   |      0|  0|   2|           1|           1|
    |ap_condition_187   |    and   |      0|  0|   2|           1|           1|
    |ap_condition_191   |    and   |      0|  0|   2|           1|           1|
    |ap_condition_195   |    and   |      0|  0|   2|           1|           1|
    |ap_condition_199   |    and   |      0|  0|   2|           1|           1|
    |ap_condition_203   |    and   |      0|  0|   2|           1|           1|
    |ap_condition_207   |    and   |      0|  0|   2|           1|           1|
    |ap_condition_211   |    and   |      0|  0|   2|           1|           1|
    |ap_condition_215   |    and   |      0|  0|   2|           1|           1|
    |ap_condition_219   |    and   |      0|  0|   2|           1|           1|
    |ap_condition_223   |    and   |      0|  0|   2|           1|           1|
    |ap_condition_227   |    and   |      0|  0|   2|           1|           1|
    |ap_condition_231   |    and   |      0|  0|   2|           1|           1|
    |ap_condition_235   |    and   |      0|  0|   2|           1|           1|
    |ap_condition_239   |    and   |      0|  0|   2|           1|           1|
    |ap_condition_243   |    and   |      0|  0|   2|           1|           1|
    |or_ln11_fu_619_p2  |    or    |      0|  0|   2|           1|           1|
    +-------------------+----------+-------+---+----+------------+------------+
    |Total              |          |      0|  0|  60|          30|          30|
    +-------------------+----------+-------+---+----+------------+------------+

    * Multiplexer: 
    +-------------------+-----+-----------+-----+-----------+
    |        Name       | LUT | Input Size| Bits| Total Bits|
    +-------------------+-----+-----------+-----+-----------+
    |ap_NS_fsm          |   15|          3|    1|          3|
    |ap_return_0        |    9|          2|    1|          2|
    |ap_return_1        |    9|          2|    5|         10|
    |flag_0_reg_265     |    9|          2|    1|          2|
    |phi_ln301_reg_138  |  141|         31|    5|        155|
    +-------------------+-----+-----------+-----+-----------+
    |Total              |  183|         40|   13|        172|
    +-------------------+-----+-----------+-----+-----------+

    * Register: 
    +-------------------+---+----+-----+-----------+
    |        Name       | FF| LUT| Bits| Const Bits|
    +-------------------+---+----+-----+-----------+
    |ap_CS_fsm          |  2|   0|    2|          0|
    |ap_return_0_preg   |  1|   0|    1|          0|
    |ap_return_1_preg   |  5|   0|    5|          0|
    |flag_0_reg_265     |  1|   0|    1|          0|
    |phi_ln301_reg_138  |  5|   0|    5|          0|
    +-------------------+---+----+-----+-----------+
    |Total              | 14|   0|   14|          0|
    +-------------------+---+----+-----+-----------+



================================================================
== Interface
================================================================
* Summary: 
+-------------+-----+-----+------------+--------------+--------------+
|  RTL Ports  | Dir | Bits|  Protocol  | Source Object|    C Type    |
+-------------+-----+-----+------------+--------------+--------------+
|ap_clk       |  in |    1| ap_ctrl_hs | leading_ones | return value |
|ap_rst       |  in |    1| ap_ctrl_hs | leading_ones | return value |
|ap_start     |  in |    1| ap_ctrl_hs | leading_ones | return value |
|ap_done      | out |    1| ap_ctrl_hs | leading_ones | return value |
|ap_idle      | out |    1| ap_ctrl_hs | leading_ones | return value |
|ap_ready     | out |    1| ap_ctrl_hs | leading_ones | return value |
|ap_return_0  | out |    1| ap_ctrl_hs | leading_ones | return value |
|ap_return_1  | out |    5| ap_ctrl_hs | leading_ones | return value |
|din_V        |  in |   32|   ap_none  |     din_V    |    scalar    |
+-------------+-----+-----+------------+--------------+--------------+

