

================================================================
== Vivado HLS Report for 'leading_ones_32_s'
================================================================
* Date:           Thu Apr  8 05:50:03 2021

* Version:        2019.2 (Build 2704478 on Wed Nov 06 22:10:23 MST 2019)
* Project:        Multiplexor
* Solution:       solution1
* Product family: zynq
* Target device:  xc7z020-clg400-1


================================================================
== Performance Estimates
================================================================
+ Timing: 
    * Summary: 
    +--------+----------+----------+------------+
    |  Clock |  Target  | Estimated| Uncertainty|
    +--------+----------+----------+------------+
    |ap_clk  | 10.00 ns | 6.483 ns |   1.25 ns  |
    +--------+----------+----------+------------+

+ Latency: 
    * Summary: 
    +---------+---------+----------+----------+-----+-----+---------+
    |  Latency (cycles) |  Latency (absolute) |  Interval | Pipeline|
    |   min   |   max   |    min   |    max   | min | max |   Type  |
    +---------+---------+----------+----------+-----+-----+---------+
    |        0|        0|   0 ns   |   0 ns   |    0|    0|   none  |
    +---------+---------+----------+----------+-----+-----+---------+

    + Detail: 
        * Instance: 
        N/A

        * Loop: 
        N/A



================================================================
== Utilization Estimates
================================================================
* Summary: 
+-----------------+---------+-------+--------+-------+-----+
|       Name      | BRAM_18K| DSP48E|   FF   |  LUT  | URAM|
+-----------------+---------+-------+--------+-------+-----+
|DSP              |        -|      -|       -|      -|    -|
|Expression       |        -|      -|       0|    181|    -|
|FIFO             |        -|      -|       -|      -|    -|
|Instance         |        -|      -|       -|      -|    -|
|Memory           |        -|      -|       -|      -|    -|
|Multiplexer      |        -|      -|       -|     45|    -|
|Register         |        -|      -|       -|      -|    -|
+-----------------+---------+-------+--------+-------+-----+
|Total            |        0|      0|       0|    226|    0|
+-----------------+---------+-------+--------+-------+-----+
|Available        |      280|    220|  106400|  53200|    0|
+-----------------+---------+-------+--------+-------+-----+
|Utilization (%)  |        0|      0|       0|   ~0  |    0|
+-----------------+---------+-------+--------+-------+-----+

+ Detail: 
    * Instance: 
    N/A

    * DSP48E: 
    N/A

    * Memory: 
    N/A

    * FIFO: 
    N/A

    * Expression: 
    +------------------------+----------+-------+---+----+------------+------------+
    |      Variable Name     | Operation| DSP48E| FF| LUT| Bitwidth P0| Bitwidth P1|
    +------------------------+----------+-------+---+----+------------+------------+
    |icmp_ln22_10_fu_344_p2  |   icmp   |      0|  0|   8|           2|           1|
    |icmp_ln22_11_fu_360_p2  |   icmp   |      0|  0|   8|           2|           1|
    |icmp_ln22_12_fu_179_p2  |   icmp   |      0|  0|   9|           4|           1|
    |icmp_ln22_13_fu_195_p2  |   icmp   |      0|  0|   8|           2|           1|
    |icmp_ln22_14_fu_211_p2  |   icmp   |      0|  0|   8|           2|           1|
    |icmp_ln22_1_fu_482_p2   |   icmp   |      0|  0|  11|           8|           1|
    |icmp_ln22_2_fu_163_p2   |   icmp   |      0|  0|  11|           8|           1|
    |icmp_ln22_3_fu_647_p2   |   icmp   |      0|  0|   9|           4|           1|
    |icmp_ln22_4_fu_663_p2   |   icmp   |      0|  0|   8|           2|           1|
    |icmp_ln22_5_fu_679_p2   |   icmp   |      0|  0|   8|           2|           1|
    |icmp_ln22_6_fu_498_p2   |   icmp   |      0|  0|   9|           4|           1|
    |icmp_ln22_7_fu_514_p2   |   icmp   |      0|  0|   8|           2|           1|
    |icmp_ln22_8_fu_530_p2   |   icmp   |      0|  0|   8|           2|           1|
    |icmp_ln22_9_fu_328_p2   |   icmp   |      0|  0|   9|           4|           1|
    |icmp_ln22_fu_147_p2     |   icmp   |      0|  0|  13|          16|           1|
    |icmp_ln883_fu_141_p2    |   icmp   |      0|  0|  18|          32|           1|
    |idx_V_34_fu_301_p3      |  select  |      0|  0|   3|           1|           3|
    |idx_V_35_fu_450_p3      |  select  |      0|  0|   3|           1|           3|
    |idx_V_36_fu_620_p3      |  select  |      0|  0|   3|           1|           3|
    |idx_V_37_fu_769_p3      |  select  |      0|  0|   3|           1|           3|
    |idxl_V_13_fu_273_p3     |  select  |      0|  0|   2|           1|           2|
    |idxl_V_2_fu_741_p3      |  select  |      0|  0|   2|           1|           2|
    |idxl_V_6_fu_592_p3      |  select  |      0|  0|   2|           1|           2|
    |idxl_V_9_fu_422_p3      |  select  |      0|  0|   2|           1|           2|
    |idxu_V_12_fu_285_p3     |  select  |      0|  0|   2|           1|           2|
    |idxu_V_2_fu_753_p3      |  select  |      0|  0|   2|           1|           2|
    |idxu_V_5_fu_604_p3      |  select  |      0|  0|   2|           1|           2|
    |idxu_V_9_fu_434_p3      |  select  |      0|  0|   2|           1|           2|
    +------------------------+----------+-------+---+----+------------+------------+
    |Total                   |          |      0|  0| 181|         108|          44|
    +------------------------+----------+-------+---+----+------------+------------+

    * Multiplexer: 
    +-----------------------------------------------+----+-----------+-----+-----------+
    |                      Name                     | LUT| Input Size| Bits| Total Bits|
    +-----------------------------------------------+----+-----------+-----+-----------+
    |ap_phi_mux_idxl_V_14_phi_fu_116_p4             |  15|          3|    4|         12|
    |ap_phi_mux_idxu_V_14_phi_fu_107_p4             |  15|          3|    4|         12|
    |ap_phi_mux_ssdm_int_V_write_ass_phi_fu_125_p4  |  15|          3|    5|         15|
    +-----------------------------------------------+----+-----------+-----+-----------+
    |Total                                          |  45|          9|   13|         39|
    +-----------------------------------------------+----+-----------+-----+-----------+

    * Register: 
    N/A



================================================================
== Interface
================================================================
* Summary: 
+-------------+-----+-----+------------+------------------+--------------+
|  RTL Ports  | Dir | Bits|  Protocol  |   Source Object  |    C Type    |
+-------------+-----+-----+------------+------------------+--------------+
|ap_ready     | out |    1| ap_ctrl_hs | leading_ones<32> | return value |
|ap_return_0  | out |    1| ap_ctrl_hs | leading_ones<32> | return value |
|ap_return_1  | out |    5| ap_ctrl_hs | leading_ones<32> | return value |
|din_V_read   |  in |   32|   ap_none  |    din_V_read    |    scalar    |
+-------------+-----+-----+------------+------------------+--------------+

