

================================================================
== Vivado HLS Report for 'leading_ones_brutefo'
================================================================
* Date:           Thu Apr  8 05:50:03 2021

* Version:        2019.2 (Build 2704478 on Wed Nov 06 22:10:23 MST 2019)
* Project:        Multiplexor
* Solution:       solution1
* Product family: zynq
* Target device:  xc7z020-clg400-1


================================================================
== Performance Estimates
================================================================
+ Timing: 
    * Summary: 
    +--------+----------+----------+------------+
    |  Clock |  Target  | Estimated| Uncertainty|
    +--------+----------+----------+------------+
    |ap_clk  | 10.00 ns | 2.199 ns |   1.25 ns  |
    +--------+----------+----------+------------+

+ Latency: 
    * Summary: 
    +---------+---------+-----------+-----------+-----+-----+---------+
    |  Latency (cycles) |   Latency (absolute)  |  Interval | Pipeline|
    |   min   |   max   |    min    |    max    | min | max |   Type  |
    +---------+---------+-----------+-----------+-----+-----+---------+
    |        2|        2| 20.000 ns | 20.000 ns |    2|    2|   none  |
    +---------+---------+-----------+-----------+-----+-----+---------+

    + Detail: 
        * Instance: 
        N/A

        * Loop: 
        N/A



================================================================
== Utilization Estimates
================================================================
* Summary: 
+-----------------+---------+-------+--------+-------+-----+
|       Name      | BRAM_18K| DSP48E|   FF   |  LUT  | URAM|
+-----------------+---------+-------+--------+-------+-----+
|DSP              |        -|      -|       -|      -|    -|
|Expression       |        -|      -|       0|     69|    -|
|FIFO             |        -|      -|       -|      -|    -|
|Instance         |        -|      -|       -|      -|    -|
|Memory           |        -|      -|       -|      -|    -|
|Multiplexer      |        -|      -|       -|    184|    -|
|Register         |        -|      -|      20|      -|    -|
+-----------------+---------+-------+--------+-------+-----+
|Total            |        0|      0|      20|    253|    0|
+-----------------+---------+-------+--------+-------+-----+
|Available        |      280|    220|  106400|  53200|    0|
+-----------------+---------+-------+--------+-------+-----+
|Utilization (%)  |        0|      0|   ~0   |   ~0  |    0|
+-----------------+---------+-------+--------+-------+-----+

+ Detail: 
    * Instance: 
    N/A

    * DSP48E: 
    N/A

    * Memory: 
    N/A

    * FIFO: 
    N/A

    * Expression: 
    +-----------------------+----------+-------+---+----+------------+------------+
    |     Variable Name     | Operation| DSP48E| FF| LUT| Bitwidth P0| Bitwidth P1|
    +-----------------------+----------+-------+---+----+------------+------------+
    |ap_condition_128       |    and   |      0|  0|   2|           1|           1|
    |ap_condition_144       |    and   |      0|  0|   2|           1|           1|
    |ap_condition_148       |    and   |      0|  0|   2|           1|           1|
    |ap_condition_152       |    and   |      0|  0|   2|           1|           1|
    |ap_condition_156       |    and   |      0|  0|   2|           1|           1|
    |ap_condition_160       |    and   |      0|  0|   2|           1|           1|
    |ap_condition_164       |    and   |      0|  0|   2|           1|           1|
    |ap_condition_168       |    and   |      0|  0|   2|           1|           1|
    |ap_condition_172       |    and   |      0|  0|   2|           1|           1|
    |ap_condition_176       |    and   |      0|  0|   2|           1|           1|
    |ap_condition_180       |    and   |      0|  0|   2|           1|           1|
    |ap_condition_184       |    and   |      0|  0|   2|           1|           1|
    |ap_condition_188       |    and   |      0|  0|   2|           1|           1|
    |ap_condition_192       |    and   |      0|  0|   2|           1|           1|
    |ap_condition_221       |    and   |      0|  0|   2|           1|           1|
    |ap_condition_225       |    and   |      0|  0|   2|           1|           1|
    |ap_condition_229       |    and   |      0|  0|   2|           1|           1|
    |ap_condition_233       |    and   |      0|  0|   2|           1|           1|
    |ap_condition_237       |    and   |      0|  0|   2|           1|           1|
    |ap_condition_241       |    and   |      0|  0|   2|           1|           1|
    |ap_condition_245       |    and   |      0|  0|   2|           1|           1|
    |ap_condition_249       |    and   |      0|  0|   2|           1|           1|
    |ap_condition_253       |    and   |      0|  0|   2|           1|           1|
    |ap_condition_257       |    and   |      0|  0|   2|           1|           1|
    |ap_condition_261       |    and   |      0|  0|   2|           1|           1|
    |ap_condition_265       |    and   |      0|  0|   2|           1|           1|
    |ap_condition_77        |    and   |      0|  0|   2|           1|           1|
    |or_ln20_fu_623_p2      |    or    |      0|  0|   2|           1|           1|
    |or_ln26_fu_641_p2      |    or    |      0|  0|   2|           1|           1|
    |select_ln13_fu_503_p3  |  select  |      0|  0|   6|           1|           6|
    |select_ln25_fu_633_p3  |  select  |      0|  0|   5|           1|           5|
    +-----------------------+----------+-------+---+----+------------+------------+
    |Total                  |          |      0|  0|  69|          31|          40|
    +-----------------------+----------+-------+---+----+------------+------------+

    * Multiplexer: 
    +--------------------+----+-----------+-----+-----------+
    |        Name        | LUT| Input Size| Bits| Total Bits|
    +--------------------+----+-----------+-----+-----------+
    |ap_NS_fsm           |  21|          4|    1|          4|
    |ap_return_0         |   9|          2|    1|          2|
    |ap_return_1         |   9|          2|    5|         10|
    |flagl_0_reg_325     |   9|          2|    1|          2|
    |flagu_0_reg_208     |   9|          2|    1|          2|
    |phi_ln25_1_reg_262  |  62|         15|    4|         60|
    |phi_ln25_reg_140    |  65|         16|    5|         80|
    +--------------------+----+-----------+-----+-----------+
    |Total               | 184|         43|   18|        160|
    +--------------------+----+-----------+-----+-----------+

    * Register: 
    +--------------------+---+----+-----+-----------+
    |        Name        | FF| LUT| Bits| Const Bits|
    +--------------------+---+----+-----+-----------+
    |ap_CS_fsm           |  3|   0|    3|          0|
    |ap_return_0_preg    |  1|   0|    1|          0|
    |ap_return_1_preg    |  5|   0|    5|          0|
    |flagl_0_reg_325     |  1|   0|    1|          0|
    |flagu_0_reg_208     |  1|   0|    1|          0|
    |phi_ln25_1_reg_262  |  4|   0|    4|          0|
    |phi_ln25_reg_140    |  5|   0|    5|          0|
    +--------------------+---+----+-----+-----------+
    |Total               | 20|   0|   20|          0|
    +--------------------+---+----+-----+-----------+



================================================================
== Interface
================================================================
* Summary: 
+-------------+-----+-----+------------+----------------------+--------------+
|  RTL Ports  | Dir | Bits|  Protocol  |     Source Object    |    C Type    |
+-------------+-----+-----+------------+----------------------+--------------+
|ap_clk       |  in |    1| ap_ctrl_hs | leading_ones_brutefo | return value |
|ap_rst       |  in |    1| ap_ctrl_hs | leading_ones_brutefo | return value |
|ap_start     |  in |    1| ap_ctrl_hs | leading_ones_brutefo | return value |
|ap_done      | out |    1| ap_ctrl_hs | leading_ones_brutefo | return value |
|ap_idle      | out |    1| ap_ctrl_hs | leading_ones_brutefo | return value |
|ap_ready     | out |    1| ap_ctrl_hs | leading_ones_brutefo | return value |
|ap_return_0  | out |    1| ap_ctrl_hs | leading_ones_brutefo | return value |
|ap_return_1  | out |    5| ap_ctrl_hs | leading_ones_brutefo | return value |
|din_V        |  in |   32|   ap_none  |         din_V        |    scalar    |
+-------------+-----+-----+------------+----------------------+--------------+

