

================================================================
== Vivado HLS Report for 'max_algorithmic'
================================================================
* Date:           Thu Apr  8 05:50:04 2021

* Version:        2019.2 (Build 2704478 on Wed Nov 06 22:10:23 MST 2019)
* Project:        Multiplexor
* Solution:       solution1
* Product family: zynq
* Target device:  xc7z020-clg400-1


================================================================
== Performance Estimates
================================================================
+ Timing: 
    * Summary: 
    +--------+----------+----------+------------+
    |  Clock |  Target  | Estimated| Uncertainty|
    +--------+----------+----------+------------+
    |ap_clk  | 10.00 ns | 8.424 ns |   1.25 ns  |
    +--------+----------+----------+------------+

+ Latency: 
    * Summary: 
    +---------+---------+-----------+-----------+-----+-----+---------+
    |  Latency (cycles) |   Latency (absolute)  |  Interval | Pipeline|
    |   min   |   max   |    min    |    max    | min | max |   Type  |
    +---------+---------+-----------+-----------+-----+-----+---------+
    |        4|        4| 40.000 ns | 40.000 ns |    4|    4|   none  |
    +---------+---------+-----------+-----------+-----+-----+---------+

    + Detail: 
        * Instance: 
        N/A

        * Loop: 
        N/A



================================================================
== Utilization Estimates
================================================================
* Summary: 
+-----------------+---------+-------+--------+-------+-----+
|       Name      | BRAM_18K| DSP48E|   FF   |  LUT  | URAM|
+-----------------+---------+-------+--------+-------+-----+
|DSP              |        -|      -|       -|      -|    -|
|Expression       |        -|      -|       0|    176|    -|
|FIFO             |        -|      -|       -|      -|    -|
|Instance         |        -|      -|       0|    270|    -|
|Memory           |        -|      -|       -|      -|    -|
|Multiplexer      |        -|      -|       -|     42|    -|
|Register         |        -|      -|      80|      -|    -|
+-----------------+---------+-------+--------+-------+-----+
|Total            |        0|      0|      80|    488|    0|
+-----------------+---------+-------+--------+-------+-----+
|Available        |      280|    220|  106400|  53200|    0|
+-----------------+---------+-------+--------+-------+-----+
|Utilization (%)  |        0|      0|   ~0   |   ~0  |    0|
+-----------------+---------+-------+--------+-------+-----+

+ Detail: 
    * Instance: 
    +-----------------------+-------------------+---------+-------+---+----+-----+
    |        Instance       |       Module      | BRAM_18K| DSP48E| FF| LUT| URAM|
    +-----------------------+-------------------+---------+-------+---+----+-----+
    |top_mux_83_32_1_1_U71  |top_mux_83_32_1_1  |        0|      0|  0|  45|    0|
    |top_mux_83_32_1_1_U72  |top_mux_83_32_1_1  |        0|      0|  0|  45|    0|
    |top_mux_83_32_1_1_U73  |top_mux_83_32_1_1  |        0|      0|  0|  45|    0|
    |top_mux_83_32_1_1_U74  |top_mux_83_32_1_1  |        0|      0|  0|  45|    0|
    |top_mux_83_32_1_1_U75  |top_mux_83_32_1_1  |        0|      0|  0|  45|    0|
    |top_mux_83_32_1_1_U76  |top_mux_83_32_1_1  |        0|      0|  0|  45|    0|
    +-----------------------+-------------------+---------+-------+---+----+-----+
    |Total                  |                   |        0|      0|  0| 270|    0|
    +-----------------------+-------------------+---------+-------+---+----+-----+

    * DSP48E: 
    N/A

    * Memory: 
    N/A

    * FIFO: 
    N/A

    * Expression: 
    +-------------------------+----------+-------+---+----+------------+------------+
    |      Variable Name      | Operation| DSP48E| FF| LUT| Bitwidth P0| Bitwidth P1|
    +-------------------------+----------+-------+---+----+------------+------------+
    |icmp_ln15_1_fu_94_p2     |   icmp   |      0|  0|  18|          32|          32|
    |icmp_ln15_2_fu_129_p2    |   icmp   |      0|  0|  18|          32|          32|
    |icmp_ln15_3_fu_165_p2    |   icmp   |      0|  0|  18|          32|          32|
    |icmp_ln15_4_fu_195_p2    |   icmp   |      0|  0|  18|          32|          32|
    |icmp_ln15_5_fu_221_p2    |   icmp   |      0|  0|  18|          32|          32|
    |icmp_ln15_6_fu_248_p2    |   icmp   |      0|  0|  18|          32|          32|
    |icmp_ln15_fu_80_p2       |   icmp   |      0|  0|  18|          32|          32|
    |phi_ln15_3_fu_177_p9     |  select  |      0|  0|   4|           1|           4|
    |select_ln14_2_fu_201_p3  |  select  |      0|  0|   3|           1|           3|
    |select_ln15_1_fu_104_p3  |  select  |      0|  0|   3|           1|           3|
    |select_ln15_2_fu_135_p3  |  select  |      0|  0|   2|           1|           2|
    |select_ln15_3_fu_227_p3  |  select  |      0|  0|   3|           1|           3|
    |select_ln15_fu_86_p3     |  select  |      0|  0|  32|           1|          32|
    |tmp_fu_261_p9            |  select  |      0|  0|   3|           1|           2|
    +-------------------------+----------+-------+---+----+------------+------------+
    |Total                    |          |      0|  0| 176|         231|         273|
    +-------------------------+----------+-------+---+----+------------+------------+

    * Multiplexer: 
    +-----------+----+-----------+-----+-----------+
    |    Name   | LUT| Input Size| Bits| Total Bits|
    +-----------+----+-----------+-----+-----------+
    |ap_NS_fsm  |  33|          6|    1|          6|
    |ap_return  |   9|          2|   32|         64|
    +-----------+----+-----------+-----+-----------+
    |Total      |  42|          8|   33|         70|
    +-----------+----+-----------+-----+-----------+

    * Register: 
    +-----------------------+----+----+-----+-----------+
    |          Name         | FF | LUT| Bits| Const Bits|
    +-----------------------+----+----+-----+-----------+
    |ap_CS_fsm              |   5|   0|    5|          0|
    |ap_return_preg         |  32|   0|   32|          0|
    |icmp_ln15_4_reg_356    |   1|   0|    1|          0|
    |phi_ln15_2_reg_330     |  32|   0|   32|          0|
    |select_ln14_1_reg_351  |   3|   0|    3|          0|
    |select_ln15_1_reg_311  |   2|   0|    2|          0|
    |select_ln15_3_reg_368  |   3|   0|    3|          0|
    |zext_ln15_2_reg_325    |   2|   0|    3|          1|
    +-----------------------+----+----+-----+-----------+
    |Total                  |  80|   0|   81|          1|
    +-----------------------+----+----+-----+-----------+



================================================================
== Interface
================================================================
* Summary: 
+------------+-----+-----+------------+-----------------+--------------+
|  RTL Ports | Dir | Bits|  Protocol  |  Source Object  |    C Type    |
+------------+-----+-----+------------+-----------------+--------------+
|ap_clk      |  in |    1| ap_ctrl_hs | max_algorithmic | return value |
|ap_rst      |  in |    1| ap_ctrl_hs | max_algorithmic | return value |
|ap_start    |  in |    1| ap_ctrl_hs | max_algorithmic | return value |
|ap_done     | out |    1| ap_ctrl_hs | max_algorithmic | return value |
|ap_idle     | out |    1| ap_ctrl_hs | max_algorithmic | return value |
|ap_ready    | out |    1| ap_ctrl_hs | max_algorithmic | return value |
|ap_return   | out |   32| ap_ctrl_hs | max_algorithmic | return value |
|din_0_read  |  in |   32|   ap_none  |    din_0_read   |    scalar    |
|din_1_read  |  in |   32|   ap_none  |    din_1_read   |    scalar    |
|din_2_read  |  in |   32|   ap_none  |    din_2_read   |    scalar    |
|din_3_read  |  in |   32|   ap_none  |    din_3_read   |    scalar    |
|din_4_read  |  in |   32|   ap_none  |    din_4_read   |    scalar    |
|din_5_read  |  in |   32|   ap_none  |    din_5_read   |    scalar    |
|din_6_read  |  in |   32|   ap_none  |    din_6_read   |    scalar    |
|din_7_read  |  in |   32|   ap_none  |    din_7_read   |    scalar    |
+------------+-----+-----+------------+-----------------+--------------+

