

================================================================
== Vivado HLS Report for 'shift_reg_sreset'
================================================================
* Date:           Thu Apr  8 07:05:21 2021

* Version:        2019.2 (Build 2704478 on Wed Nov 06 22:10:23 MST 2019)
* Project:        Shift_Register
* Solution:       solution1
* Product family: zynq
* Target device:  xc7z020-clg400-1


================================================================
== Performance Estimates
================================================================
+ Timing: 
    * Summary: 
    +--------+----------+----------+------------+
    |  Clock |  Target  | Estimated| Uncertainty|
    +--------+----------+----------+------------+
    |ap_clk  | 10.00 ns | 1.248 ns |   1.25 ns  |
    +--------+----------+----------+------------+

+ Latency: 
    * Summary: 
    +---------+---------+----------+----------+-----+-----+---------+
    |  Latency (cycles) |  Latency (absolute) |  Interval | Pipeline|
    |   min   |   max   |    min   |    max   | min | max |   Type  |
    +---------+---------+----------+----------+-----+-----+---------+
    |        0|        0|   0 ns   |   0 ns   |    0|    0|   none  |
    +---------+---------+----------+----------+-----+-----+---------+

    + Detail: 
        * Instance: 
        N/A

        * Loop: 
        N/A



================================================================
== Utilization Estimates
================================================================
* Summary: 
+-----------------+---------+-------+--------+-------+-----+
|       Name      | BRAM_18K| DSP48E|   FF   |  LUT  | URAM|
+-----------------+---------+-------+--------+-------+-----+
|DSP              |        -|      -|       -|      -|    -|
|Expression       |        -|      -|       0|     96|    -|
|FIFO             |        -|      -|       -|      -|    -|
|Instance         |        -|      -|       -|      -|    -|
|Memory           |        -|      -|       -|      -|    -|
|Multiplexer      |        -|      -|       -|    108|    -|
|Register         |        -|      -|     185|      -|    -|
+-----------------+---------+-------+--------+-------+-----+
|Total            |        0|      0|     185|    204|    0|
+-----------------+---------+-------+--------+-------+-----+
|Available        |      280|    220|  106400|  53200|    0|
+-----------------+---------+-------+--------+-------+-----+
|Utilization (%)  |        0|      0|   ~0   |   ~0  |    0|
+-----------------+---------+-------+--------+-------+-----+

+ Detail: 
    * Instance: 
    N/A

    * DSP48E: 
    N/A

    * Memory: 
    N/A

    * FIFO: 
    N/A

    * Expression: 
    +--------------------------+----------+-------+---+----+------------+------------+
    |       Variable Name      | Operation| DSP48E| FF| LUT| Bitwidth P0| Bitwidth P1|
    +--------------------------+----------+-------+---+----+------------+------------+
    |select_ln12_10_fu_224_p3  |  select  |      0|  0|   8|           1|           1|
    |select_ln12_11_fu_238_p3  |  select  |      0|  0|   8|           1|           1|
    |select_ln12_1_fu_62_p3    |  select  |      0|  0|   8|           1|           1|
    |select_ln12_2_fu_80_p3    |  select  |      0|  0|   8|           1|           1|
    |select_ln12_3_fu_98_p3    |  select  |      0|  0|   8|           1|           1|
    |select_ln12_4_fu_116_p3   |  select  |      0|  0|   8|           1|           1|
    |select_ln12_5_fu_134_p3   |  select  |      0|  0|   8|           1|           1|
    |select_ln12_6_fu_152_p3   |  select  |      0|  0|   8|           1|           1|
    |select_ln12_7_fu_170_p3   |  select  |      0|  0|   8|           1|           1|
    |select_ln12_8_fu_188_p3   |  select  |      0|  0|   8|           1|           1|
    |select_ln12_9_fu_206_p3   |  select  |      0|  0|   8|           1|           1|
    |select_ln12_fu_50_p3      |  select  |      0|  0|   8|           1|           1|
    +--------------------------+----------+-------+---+----+------------+------------+
    |Total                     |          |      0|  0|  96|          12|          12|
    +--------------------------+----------+-------+---+----+------------+------------+

    * Multiplexer: 
    +--------------+----+-----------+-----+-----------+
    |     Name     | LUT| Input Size| Bits| Total Bits|
    +--------------+----+-----------+-----+-----------+
    |ap_return_0   |   9|          2|    8|         16|
    |ap_return_1   |   9|          2|    8|         16|
    |ap_return_10  |   9|          2|    8|         16|
    |ap_return_11  |   9|          2|    8|         16|
    |ap_return_2   |   9|          2|    8|         16|
    |ap_return_3   |   9|          2|    8|         16|
    |ap_return_4   |   9|          2|    8|         16|
    |ap_return_5   |   9|          2|    8|         16|
    |ap_return_6   |   9|          2|    8|         16|
    |ap_return_7   |   9|          2|    8|         16|
    |ap_return_8   |   9|          2|    8|         16|
    |ap_return_9   |   9|          2|    8|         16|
    +--------------+----+-----------+-----+-----------+
    |Total         | 108|         24|   96|        192|
    +--------------+----+-----------+-----+-----------+

    * Register: 
    +-------------------+---+----+-----+-----------+
    |        Name       | FF| LUT| Bits| Const Bits|
    +-------------------+---+----+-----+-----------+
    |ap_CS_fsm          |  1|   0|    1|          0|
    |ap_return_0_preg   |  8|   0|    8|          0|
    |ap_return_10_preg  |  8|   0|    8|          0|
    |ap_return_11_preg  |  8|   0|    8|          0|
    |ap_return_1_preg   |  8|   0|    8|          0|
    |ap_return_2_preg   |  8|   0|    8|          0|
    |ap_return_3_preg   |  8|   0|    8|          0|
    |ap_return_4_preg   |  8|   0|    8|          0|
    |ap_return_5_preg   |  8|   0|    8|          0|
    |ap_return_6_preg   |  8|   0|    8|          0|
    |ap_return_7_preg   |  8|   0|    8|          0|
    |ap_return_8_preg   |  8|   0|    8|          0|
    |ap_return_9_preg   |  8|   0|    8|          0|
    |regs_8_0           |  8|   0|    8|          0|
    |regs_8_1           |  8|   0|    8|          0|
    |regs_8_10          |  8|   0|    8|          0|
    |regs_8_2           |  8|   0|    8|          0|
    |regs_8_3           |  8|   0|    8|          0|
    |regs_8_4           |  8|   0|    8|          0|
    |regs_8_5           |  8|   0|    8|          0|
    |regs_8_6           |  8|   0|    8|          0|
    |regs_8_7           |  8|   0|    8|          0|
    |regs_8_8           |  8|   0|    8|          0|
    |regs_8_9           |  8|   0|    8|          0|
    +-------------------+---+----+-----+-----------+
    |Total              |185|   0|  185|          0|
    +-------------------+---+----+-----+-----------+



================================================================
== Interface
================================================================
* Summary: 
+--------------+-----+-----+------------+------------------+--------------+
|   RTL Ports  | Dir | Bits|  Protocol  |   Source Object  |    C Type    |
+--------------+-----+-----+------------+------------------+--------------+
|ap_clk        |  in |    1| ap_ctrl_hs | shift_reg_sreset | return value |
|ap_rst        |  in |    1| ap_ctrl_hs | shift_reg_sreset | return value |
|ap_start      |  in |    1| ap_ctrl_hs | shift_reg_sreset | return value |
|ap_done       | out |    1| ap_ctrl_hs | shift_reg_sreset | return value |
|ap_idle       | out |    1| ap_ctrl_hs | shift_reg_sreset | return value |
|ap_ready      | out |    1| ap_ctrl_hs | shift_reg_sreset | return value |
|ap_return_0   | out |    8| ap_ctrl_hs | shift_reg_sreset | return value |
|ap_return_1   | out |    8| ap_ctrl_hs | shift_reg_sreset | return value |
|ap_return_2   | out |    8| ap_ctrl_hs | shift_reg_sreset | return value |
|ap_return_3   | out |    8| ap_ctrl_hs | shift_reg_sreset | return value |
|ap_return_4   | out |    8| ap_ctrl_hs | shift_reg_sreset | return value |
|ap_return_5   | out |    8| ap_ctrl_hs | shift_reg_sreset | return value |
|ap_return_6   | out |    8| ap_ctrl_hs | shift_reg_sreset | return value |
|ap_return_7   | out |    8| ap_ctrl_hs | shift_reg_sreset | return value |
|ap_return_8   | out |    8| ap_ctrl_hs | shift_reg_sreset | return value |
|ap_return_9   | out |    8| ap_ctrl_hs | shift_reg_sreset | return value |
|ap_return_10  | out |    8| ap_ctrl_hs | shift_reg_sreset | return value |
|ap_return_11  | out |    8| ap_ctrl_hs | shift_reg_sreset | return value |
|din           |  in |    8|   ap_none  |        din       |    scalar    |
|srst          |  in |    1|   ap_none  |       srst       |    scalar    |
+--------------+-----+-----+------------+------------------+--------------+

