

================================================================
== Vivado HLS Report for 'shift_reg_class'
================================================================
* Date:           Thu Apr  8 07:05:21 2021

* Version:        2019.2 (Build 2704478 on Wed Nov 06 22:10:23 MST 2019)
* Project:        Shift_Register
* Solution:       solution1
* Product family: zynq
* Target device:  xc7z020-clg400-1


================================================================
== Performance Estimates
================================================================
+ Timing: 
    * Summary: 
    +--------+----------+----------+------------+
    |  Clock |  Target  | Estimated| Uncertainty|
    +--------+----------+----------+------------+
    |ap_clk  | 10.00 ns | 1.769 ns |   1.25 ns  |
    +--------+----------+----------+------------+

+ Latency: 
    * Summary: 
    +---------+---------+-----------+-----------+-----+-----+---------+
    |  Latency (cycles) |   Latency (absolute)  |  Interval | Pipeline|
    |   min   |   max   |    min    |    max    | min | max |   Type  |
    +---------+---------+-----------+-----------+-----+-----+---------+
    |        1|        1| 10.000 ns | 10.000 ns |    1|    1|   none  |
    +---------+---------+-----------+-----------+-----+-----+---------+

    + Detail: 
        * Instance: 
        N/A

        * Loop: 
        N/A



================================================================
== Utilization Estimates
================================================================
* Summary: 
+-----------------+---------+-------+--------+-------+-----+
|       Name      | BRAM_18K| DSP48E|   FF   |  LUT  | URAM|
+-----------------+---------+-------+--------+-------+-----+
|DSP              |        -|      -|       -|      -|    -|
|Expression       |        -|      -|       0|    132|    -|
|FIFO             |        -|      -|       -|      -|    -|
|Instance         |        -|      -|       -|      -|    -|
|Memory           |        -|      -|       -|      -|    -|
|Multiplexer      |        -|      -|       -|    222|    -|
|Register         |        -|      -|     282|      -|    -|
+-----------------+---------+-------+--------+-------+-----+
|Total            |        0|      0|     282|    354|    0|
+-----------------+---------+-------+--------+-------+-----+
|Available        |      280|    220|  106400|  53200|    0|
+-----------------+---------+-------+--------+-------+-----+
|Utilization (%)  |        0|      0|   ~0   |   ~0  |    0|
+-----------------+---------+-------+--------+-------+-----+

+ Detail: 
    * Instance: 
    N/A

    * DSP48E: 
    N/A

    * Memory: 
    N/A

    * FIFO: 
    N/A

    * Expression: 
    +-------------------------+----------+-------+---+----+------------+------------+
    |      Variable Name      | Operation| DSP48E| FF| LUT| Bitwidth P0| Bitwidth P1|
    +-------------------------+----------+-------+---+----+------------+------------+
    |or_ln50_fu_457_p2        |    or    |      0|  0|   2|           1|           1|
    |select_ln25_1_fu_327_p3  |  select  |      0|  0|   8|           1|           1|
    |select_ln25_2_fu_349_p3  |  select  |      0|  0|   8|           1|           1|
    |select_ln25_3_fu_371_p3  |  select  |      0|  0|   8|           1|           1|
    |select_ln25_4_fu_393_p3  |  select  |      0|  0|   8|           1|           1|
    |select_ln25_5_fu_415_p3  |  select  |      0|  0|   8|           1|           1|
    |select_ln25_6_fu_437_p3  |  select  |      0|  0|   8|           1|           1|
    |select_ln25_fu_305_p3    |  select  |      0|  0|   8|           1|           1|
    |select_ln50_1_fu_471_p3  |  select  |      0|  0|   8|           1|           8|
    |select_ln50_fu_463_p3    |  select  |      0|  0|   8|           1|           1|
    |select_ln52_1_fu_319_p3  |  select  |      0|  0|   8|           1|           8|
    |select_ln52_2_fu_341_p3  |  select  |      0|  0|   8|           1|           8|
    |select_ln52_3_fu_363_p3  |  select  |      0|  0|   8|           1|           8|
    |select_ln52_4_fu_385_p3  |  select  |      0|  0|   8|           1|           8|
    |select_ln52_5_fu_407_p3  |  select  |      0|  0|   8|           1|           8|
    |select_ln52_6_fu_429_p3  |  select  |      0|  0|   8|           1|           8|
    |select_ln52_fu_297_p3    |  select  |      0|  0|   8|           1|           8|
    |xor_ln50_fu_451_p2       |    xor   |      0|  0|   2|           1|           2|
    +-------------------------+----------+-------+---+----+------------+------------+
    |Total                    |          |      0|  0| 132|          18|          75|
    +-------------------------+----------+-------+---+----+------------+------------+

    * Multiplexer: 
    +-----------------------------+----+-----------+-----+-----------+
    |             Name            | LUT| Input Size| Bits| Total Bits|
    +-----------------------------+----+-----------+-----+-----------+
    |ap_NS_fsm                    |  15|          3|    1|          3|
    |ap_return_0                  |   9|          2|    8|         16|
    |ap_return_1                  |   9|          2|    8|         16|
    |ap_return_10                 |   9|          2|    8|         16|
    |ap_return_11                 |   9|          2|    8|         16|
    |ap_return_2                  |   9|          2|    8|         16|
    |ap_return_3                  |   9|          2|    8|         16|
    |ap_return_4                  |   9|          2|    8|         16|
    |ap_return_5                  |   9|          2|    8|         16|
    |ap_return_6                  |   9|          2|    8|         16|
    |ap_return_7                  |   9|          2|    8|         16|
    |ap_return_8                  |   9|          2|    8|         16|
    |ap_return_9                  |   9|          2|    8|         16|
    |dout0_0_write_assig_reg_220  |   9|          2|    8|         16|
    |dout0_10_write_assi_reg_139  |   9|          2|    8|         16|
    |dout0_1_write_assig_reg_211  |   9|          2|    8|         16|
    |dout0_2_write_assig_reg_202  |   9|          2|    8|         16|
    |dout0_3_write_assig_reg_193  |   9|          2|    8|         16|
    |dout0_4_write_assig_reg_184  |   9|          2|    8|         16|
    |dout0_5_write_assig_reg_175  |   9|          2|    8|         16|
    |dout0_6_write_assig_reg_166  |   9|          2|    8|         16|
    |dout0_7_write_assig_reg_130  |   9|          2|    8|         16|
    |dout0_8_write_assig_reg_157  |   9|          2|    8|         16|
    |dout0_9_write_assig_reg_148  |   9|          2|    8|         16|
    +-----------------------------+----+-----------+-----+-----------+
    |Total                        | 222|         49|  185|        371|
    +-----------------------------+----+-----------+-----+-----------+

    * Register: 
    +-----------------------------+---+----+-----+-----------+
    |             Name            | FF| LUT| Bits| Const Bits|
    +-----------------------------+---+----+-----+-----------+
    |ap_CS_fsm                    |  2|   0|    2|          0|
    |ap_return_0_preg             |  8|   0|    8|          0|
    |ap_return_10_preg            |  8|   0|    8|          0|
    |ap_return_11_preg            |  8|   0|    8|          0|
    |ap_return_1_preg             |  8|   0|    8|          0|
    |ap_return_2_preg             |  8|   0|    8|          0|
    |ap_return_3_preg             |  8|   0|    8|          0|
    |ap_return_4_preg             |  8|   0|    8|          0|
    |ap_return_5_preg             |  8|   0|    8|          0|
    |ap_return_6_preg             |  8|   0|    8|          0|
    |ap_return_7_preg             |  8|   0|    8|          0|
    |ap_return_8_preg             |  8|   0|    8|          0|
    |ap_return_9_preg             |  8|   0|    8|          0|
    |dout0_0_write_assig_reg_220  |  8|   0|    8|          0|
    |dout0_10_write_assi_reg_139  |  8|   0|    8|          0|
    |dout0_1_write_assig_reg_211  |  8|   0|    8|          0|
    |dout0_2_write_assig_reg_202  |  8|   0|    8|          0|
    |dout0_3_write_assig_reg_193  |  8|   0|    8|          0|
    |dout0_4_write_assig_reg_184  |  8|   0|    8|          0|
    |dout0_5_write_assig_reg_175  |  8|   0|    8|          0|
    |dout0_6_write_assig_reg_166  |  8|   0|    8|          0|
    |dout0_7_write_assig_reg_130  |  8|   0|    8|          0|
    |dout0_8_write_assig_reg_157  |  8|   0|    8|          0|
    |dout0_9_write_assig_reg_148  |  8|   0|    8|          0|
    |shift_reg0_regs_0            |  8|   0|    8|          0|
    |shift_reg0_regs_1            |  8|   0|    8|          0|
    |shift_reg0_regs_2            |  8|   0|    8|          0|
    |shift_reg0_regs_3            |  8|   0|    8|          0|
    |shift_reg0_regs_4            |  8|   0|    8|          0|
    |shift_reg0_regs_5            |  8|   0|    8|          0|
    |shift_reg0_regs_6            |  8|   0|    8|          0|
    |shift_reg0_regs_7            |  8|   0|    8|          0|
    |shift_reg1_regs_0            |  8|   0|    8|          0|
    |shift_reg1_regs_1            |  8|   0|    8|          0|
    |shift_reg1_regs_2            |  8|   0|    8|          0|
    |shift_reg1_regs_3            |  8|   0|    8|          0|
    +-----------------------------+---+----+-----+-----------+
    |Total                        |282|   0|  282|          0|
    +-----------------------------+---+----+-----+-----------+



================================================================
== Interface
================================================================
* Summary: 
+------------------+-----+-----+------------+------------------+--------------+
|     RTL Ports    | Dir | Bits|  Protocol  |   Source Object  |    C Type    |
+------------------+-----+-----+------------+------------------+--------------+
|ap_clk            |  in |    1| ap_ctrl_hs |  shift_reg_class | return value |
|ap_rst            |  in |    1| ap_ctrl_hs |  shift_reg_class | return value |
|ap_start          |  in |    1| ap_ctrl_hs |  shift_reg_class | return value |
|ap_done           | out |    1| ap_ctrl_hs |  shift_reg_class | return value |
|ap_idle           | out |    1| ap_ctrl_hs |  shift_reg_class | return value |
|ap_ready          | out |    1| ap_ctrl_hs |  shift_reg_class | return value |
|ap_return_0       | out |    8| ap_ctrl_hs |  shift_reg_class | return value |
|ap_return_1       | out |    8| ap_ctrl_hs |  shift_reg_class | return value |
|ap_return_2       | out |    8| ap_ctrl_hs |  shift_reg_class | return value |
|ap_return_3       | out |    8| ap_ctrl_hs |  shift_reg_class | return value |
|ap_return_4       | out |    8| ap_ctrl_hs |  shift_reg_class | return value |
|ap_return_5       | out |    8| ap_ctrl_hs |  shift_reg_class | return value |
|ap_return_6       | out |    8| ap_ctrl_hs |  shift_reg_class | return value |
|ap_return_7       | out |    8| ap_ctrl_hs |  shift_reg_class | return value |
|ap_return_8       | out |    8| ap_ctrl_hs |  shift_reg_class | return value |
|ap_return_9       | out |    8| ap_ctrl_hs |  shift_reg_class | return value |
|ap_return_10      | out |    8| ap_ctrl_hs |  shift_reg_class | return value |
|ap_return_11      | out |    8| ap_ctrl_hs |  shift_reg_class | return value |
|din               |  in |    8|   ap_none  |        din       |    scalar    |
|load_data_0_read  |  in |    8|   ap_none  | load_data_0_read |    scalar    |
|load_data_1_read  |  in |    8|   ap_none  | load_data_1_read |    scalar    |
|load_data_2_read  |  in |    8|   ap_none  | load_data_2_read |    scalar    |
|load_data_3_read  |  in |    8|   ap_none  | load_data_3_read |    scalar    |
|load_data_4_read  |  in |    8|   ap_none  | load_data_4_read |    scalar    |
|load_data_5_read  |  in |    8|   ap_none  | load_data_5_read |    scalar    |
|load_data_6_read  |  in |    8|   ap_none  | load_data_6_read |    scalar    |
|load_data_7_read  |  in |    8|   ap_none  | load_data_7_read |    scalar    |
|srst              |  in |    1|   ap_none  |       srst       |    scalar    |
|load              |  in |    1|   ap_none  |       load       |    scalar    |
|en                |  in |    1|   ap_none  |        en        |    scalar    |
+------------------+-----+-----+------------+------------------+--------------+

