INFO: [SIM 2] *************** CSIM start ***************
INFO: [SIM 4] CSIM will launch GCC as the compiler.
   Compiling ../../../Top.cpp in debug mode
   Generating csim.exe
>> Start test!
(-128, 0) -> -128
(-128, 1) -> -128
(-128, 2) -> 0
(-112, 0) -> 112
(-112, 1) -> 112
(-112, 2) -> 112
(-96, 0) -> 96
(-96, 1) -> 96
(-96, 2) -> 96
(-80, 0) -> 80
(-80, 1) -> 80
(-80, 2) -> 80
(-64, 0) -> 64
(-64, 1) -> 64
(-64, 2) -> 64
(-48, 0) -> 48
(-48, 1) -> 48
(-48, 2) -> 48
(-32, 0) -> 32
(-32, 1) -> 32
(-32, 2) -> 32
(-16, 0) -> 16
(-16, 1) -> 16
(-16, 2) -> 16
(0, 0) -> 0
(0, 1) -> 0
(0, 2) -> 0
(16, 0) -> 16
(16, 1) -> 16
(16, 2) -> 16
(32, 0) -> 32
(32, 1) -> 32
(32, 2) -> 32
(48, 0) -> 48
(48, 1) -> 48
(48, 2) -> 48
(64, 0) -> 64
(64, 1) -> 64
(64, 2) -> 64
(80, 0) -> 80
(80, 1) -> 80
(80, 2) -> 80
(96, 0) -> 96
(96, 1) -> 96
(96, 2) -> 96
------------------------
>> Test passed!
------------------------
INFO: [SIM 1] CSim done with 0 errors.
INFO: [SIM 3] *************** CSIM finish ***************
