

================================================================
== Vivado HLS Report for 'leading_ones_log2'
================================================================
* Date:           Thu Apr  8 05:50:03 2021

* Version:        2019.2 (Build 2704478 on Wed Nov 06 22:10:23 MST 2019)
* Project:        Multiplexor
* Solution:       solution1
* Product family: zynq
* Target device:  xc7z020-clg400-1


================================================================
== Performance Estimates
================================================================
+ Timing: 
    * Summary: 
    +--------+----------+----------+------------+
    |  Clock |  Target  | Estimated| Uncertainty|
    +--------+----------+----------+------------+
    |ap_clk  | 10.00 ns | 6.033 ns |   1.25 ns  |
    +--------+----------+----------+------------+

+ Latency: 
    * Summary: 
    +---------+---------+-----------+-----------+-----+-----+---------+
    |  Latency (cycles) |   Latency (absolute)  |  Interval | Pipeline|
    |   min   |   max   |    min    |    max    | min | max |   Type  |
    +---------+---------+-----------+-----------+-----+-----+---------+
    |        1|        1| 10.000 ns | 10.000 ns |    1|    1|   none  |
    +---------+---------+-----------+-----------+-----+-----+---------+

    + Detail: 
        * Instance: 
        N/A

        * Loop: 
        N/A



================================================================
== Utilization Estimates
================================================================
* Summary: 
+-----------------+---------+-------+--------+-------+-----+
|       Name      | BRAM_18K| DSP48E|   FF   |  LUT  | URAM|
+-----------------+---------+-------+--------+-------+-----+
|DSP              |        -|      -|       -|      -|    -|
|Expression       |        -|      -|       0|    127|    -|
|FIFO             |        -|      -|       -|      -|    -|
|Instance         |        -|      -|       -|      -|    -|
|Memory           |        -|      -|       -|      -|    -|
|Multiplexer      |        -|      -|       -|     15|    -|
|Register         |        -|      -|      13|      -|    -|
+-----------------+---------+-------+--------+-------+-----+
|Total            |        0|      0|      13|    142|    0|
+-----------------+---------+-------+--------+-------+-----+
|Available        |      280|    220|  106400|  53200|    0|
+-----------------+---------+-------+--------+-------+-----+
|Utilization (%)  |        0|      0|   ~0   |   ~0  |    0|
+-----------------+---------+-------+--------+-------+-----+

+ Detail: 
    * Instance: 
    N/A

    * DSP48E: 
    N/A

    * Memory: 
    N/A

    * FIFO: 
    N/A

    * Expression: 
    +-------------------------+----------+-------+---+----+------------+------------+
    |      Variable Name      | Operation| DSP48E| FF| LUT| Bitwidth P0| Bitwidth P1|
    +-------------------------+----------+-------+---+----+------------+------------+
    |flag_fu_66_p2            |   icmp   |      0|  0|  18|          32|           1|
    |icmp_ln883_1_fu_114_p2   |   icmp   |      0|  0|  11|           8|           1|
    |icmp_ln883_2_fu_163_p2   |   icmp   |      0|  0|   9|           4|           1|
    |icmp_ln883_3_fu_198_p2   |   icmp   |      0|  0|   8|           2|           1|
    |icmp_ln883_fu_86_p2      |   icmp   |      0|  0|  13|          16|           1|
    |or_ln25_1_fu_204_p2      |    or    |      0|  0|   5|           5|           2|
    |or_ln25_2_fu_246_p2      |    or    |      0|  0|   2|           1|           1|
    |or_ln25_fu_174_p2        |    or    |      0|  0|   5|           5|           3|
    |select_ln25_1_fu_142_p3  |  select  |      0|  0|   6|           1|           1|
    |select_ln25_2_fu_120_p3  |  select  |      0|  0|   8|           1|           8|
    |select_ln25_3_fu_156_p3  |  select  |      0|  0|   5|           1|           5|
    |select_ln25_4_fu_168_p3  |  select  |      0|  0|   4|           1|           4|
    |select_ln25_5_fu_180_p3  |  select  |      0|  0|   5|           1|           5|
    |select_ln25_6_fu_210_p3  |  select  |      0|  0|   5|           1|           5|
    |select_ln25_7_fu_234_p3  |  select  |      0|  0|   2|           1|           1|
    |select_ln25_fu_92_p3     |  select  |      0|  0|  16|           1|          16|
    |select_ln26_fu_149_p3    |  select  |      0|  0|   5|           1|           4|
    +-------------------------+----------+-------+---+----+------------+------------+
    |Total                    |          |      0|  0| 127|          82|          60|
    +-------------------------+----------+-------+---+----+------------+------------+

    * Multiplexer: 
    +-----------+----+-----------+-----+-----------+
    |    Name   | LUT| Input Size| Bits| Total Bits|
    +-----------+----+-----------+-----+-----------+
    |ap_NS_fsm  |  15|          3|    1|          3|
    +-----------+----+-----------+-----+-----------+
    |Total      |  15|          3|    1|          3|
    +-----------+----+-----------+-----+-----------+

    * Register: 
    +------------------------+---+----+-----+-----------+
    |          Name          | FF| LUT| Bits| Const Bits|
    +------------------------+---+----+-----+-----------+
    |ap_CS_fsm               |  2|   0|    2|          0|
    |flag_reg_281            |  1|   0|    1|          0|
    |icmp_ln883_1_reg_292    |  1|   0|    1|          0|
    |icmp_ln883_reg_286      |  1|   0|    1|          0|
    |trunc_ln1503_1_reg_302  |  4|   0|    4|          0|
    |trunc_ln25_1_reg_297    |  4|   0|    4|          0|
    +------------------------+---+----+-----+-----------+
    |Total                   | 13|   0|   13|          0|
    +------------------------+---+----+-----+-----------+



================================================================
== Interface
================================================================
* Summary: 
+-------------+-----+-----+------------+-------------------+--------------+
|  RTL Ports  | Dir | Bits|  Protocol  |   Source Object   |    C Type    |
+-------------+-----+-----+------------+-------------------+--------------+
|ap_clk       |  in |    1| ap_ctrl_hs | leading_ones_log2 | return value |
|ap_rst       |  in |    1| ap_ctrl_hs | leading_ones_log2 | return value |
|ap_start     |  in |    1| ap_ctrl_hs | leading_ones_log2 | return value |
|ap_done      | out |    1| ap_ctrl_hs | leading_ones_log2 | return value |
|ap_idle      | out |    1| ap_ctrl_hs | leading_ones_log2 | return value |
|ap_ready     | out |    1| ap_ctrl_hs | leading_ones_log2 | return value |
|ap_return_0  | out |    1| ap_ctrl_hs | leading_ones_log2 | return value |
|ap_return_1  | out |    5| ap_ctrl_hs | leading_ones_log2 | return value |
|din_V        |  in |   32|   ap_none  |       din_V       |    scalar    |
+-------------+-----+-----+------------+-------------------+--------------+

============================================================
+ Verbose Summary: Synthesis Manager
============================================================
InlineROM: 1
ExposeGlobal: 0
============================================================
+ Verbose Summary: CDFG Model
============================================================
IsTopModel: 0
ResetActiveHigh: 1
IsCombinational: 2
IsDatapathOnly: 2
HasWiredReturn: 1
HasMFsm: 0
HasVarLatency: 1
IsPipeline: 0
IsRtlPipelined: 0
IsInstanceOverlapped: 0
IsDontTouch: 0
HasImplIP: 0
IsGatedGlobalClock: 0


============================================================
+ Verbose Summary: Schedule
============================================================
* Number of FSM states : 2
* Pipeline : 0
* Dataflow Pipeline: 0

* FSM state transitions: 
1 --> 2 
2 --> 

* FSM state operations: 

State 1 <SV = 0> <Delay = 6.03>
ST_1 : Operation 3 [1/1] (0.00ns)   --->   "%din_V_read = call i32 @_ssdm_op_Read.ap_auto.i32(i32 %din_V)" [Multiplexor/leading_ones_log2.cpp:15]   --->   Operation 3 'read' 'din_V_read' <Predicate = true> <Delay = 0.00>
ST_1 : Operation 4 [1/1] (2.47ns)   --->   "%flag = icmp ne i32 %din_V_read, 0" [Multiplexor/leading_ones_log2.cpp:17]   --->   Operation 4 'icmp' 'flag' <Predicate = true> <Delay = 2.47> <Core = "Cmp">   --->   Core 25 'Cmp' <Latency = 0> <II = 1> <Delay = 2.42> <FuncUnit> <Opcode : 'icmp'> <InPorts = 2> <OutPorts = 1>
ST_1 : Operation 5 [1/1] (0.00ns)   --->   "%trunc_ln = call i16 @_ssdm_op_PartSelect.i16.i32.i32.i32(i32 %din_V_read, i32 16, i32 31)" [Multiplexor/leading_ones_log2.cpp:23]   --->   Operation 5 'partselect' 'trunc_ln' <Predicate = true> <Delay = 0.00>
ST_1 : Operation 6 [1/1] (0.00ns)   --->   "%trunc_ln1355 = trunc i32 %din_V_read to i16" [Multiplexor/leading_ones_log2.cpp:23]   --->   Operation 6 'trunc' 'trunc_ln1355' <Predicate = true> <Delay = 0.00>
ST_1 : Operation 7 [1/1] (2.42ns)   --->   "%icmp_ln883 = icmp eq i16 %trunc_ln, 0" [Multiplexor/leading_ones_log2.cpp:25]   --->   Operation 7 'icmp' 'icmp_ln883' <Predicate = true> <Delay = 2.42> <Core = "Cmp">   --->   Core 25 'Cmp' <Latency = 0> <II = 1> <Delay = 2.42> <FuncUnit> <Opcode : 'icmp'> <InPorts = 2> <OutPorts = 1>
ST_1 : Operation 8 [1/1] (0.80ns)   --->   "%select_ln25 = select i1 %icmp_ln883, i16 %trunc_ln1355, i16 %trunc_ln" [Multiplexor/leading_ones_log2.cpp:25]   --->   Operation 8 'select' 'select_ln25' <Predicate = true> <Delay = 0.80> <Core = "Sel">   --->   Core 26 'Sel' <Latency = 0> <II = 1> <Delay = 1.21> <FuncUnit> <Opcode : 'select'> <InPorts = 3> <OutPorts = 1>
ST_1 : Operation 9 [1/1] (0.00ns)   --->   "%trunc_ln25 = trunc i16 %select_ln25 to i8" [Multiplexor/leading_ones_log2.cpp:25]   --->   Operation 9 'trunc' 'trunc_ln25' <Predicate = true> <Delay = 0.00>
ST_1 : Operation 10 [1/1] (0.00ns)   --->   "%trunc_ln2 = call i8 @_ssdm_op_PartSelect.i8.i16.i32.i32(i16 %select_ln25, i32 8, i32 15)" [Multiplexor/leading_ones_log2.cpp:22]   --->   Operation 10 'partselect' 'trunc_ln2' <Predicate = true> <Delay = 0.00>
ST_1 : Operation 11 [1/1] (1.55ns)   --->   "%icmp_ln883_1 = icmp eq i8 %trunc_ln2, 0" [Multiplexor/leading_ones_log2.cpp:25]   --->   Operation 11 'icmp' 'icmp_ln883_1' <Predicate = true> <Delay = 1.55> <Core = "Cmp">   --->   Core 25 'Cmp' <Latency = 0> <II = 1> <Delay = 2.42> <FuncUnit> <Opcode : 'icmp'> <InPorts = 2> <OutPorts = 1>
ST_1 : Operation 12 [1/1] (1.24ns)   --->   "%select_ln25_2 = select i1 %icmp_ln883_1, i8 %trunc_ln25, i8 %trunc_ln2" [Multiplexor/leading_ones_log2.cpp:25]   --->   Operation 12 'select' 'select_ln25_2' <Predicate = true> <Delay = 1.24> <Core = "Sel">   --->   Core 26 'Sel' <Latency = 0> <II = 1> <Delay = 1.21> <FuncUnit> <Opcode : 'select'> <InPorts = 3> <OutPorts = 1>
ST_1 : Operation 13 [1/1] (0.00ns)   --->   "%trunc_ln25_1 = trunc i8 %select_ln25_2 to i4" [Multiplexor/leading_ones_log2.cpp:25]   --->   Operation 13 'trunc' 'trunc_ln25_1' <Predicate = true> <Delay = 0.00>
ST_1 : Operation 14 [1/1] (0.00ns)   --->   "%trunc_ln1503_1 = call i4 @_ssdm_op_PartSelect.i4.i8.i32.i32(i8 %select_ln25_2, i32 4, i32 7)" [Multiplexor/leading_ones_log2.cpp:22]   --->   Operation 14 'partselect' 'trunc_ln1503_1' <Predicate = true> <Delay = 0.00>

State 2 <SV = 1> <Delay = 5.49>
ST_2 : Operation 15 [1/1] (0.00ns) (grouped into LUT with out node select_ln25_3)   --->   "%select_ln25_1 = select i1 %icmp_ln883, i5 0, i5 -16" [Multiplexor/leading_ones_log2.cpp:25]   --->   Operation 15 'select' 'select_ln25_1' <Predicate = (icmp_ln883_1)> <Delay = 0.00> <Core = "Sel">   --->   Core 26 'Sel' <Latency = 0> <II = 1> <Delay = 1.21> <FuncUnit> <Opcode : 'select'> <InPorts = 3> <OutPorts = 1>
ST_2 : Operation 16 [1/1] (0.00ns) (grouped into LUT with out node select_ln25_3)   --->   "%select_ln26 = select i1 %icmp_ln883, i5 8, i5 -8" [Multiplexor/leading_ones_log2.cpp:26]   --->   Operation 16 'select' 'select_ln26' <Predicate = (!icmp_ln883_1)> <Delay = 0.00> <Core = "Sel">   --->   Core 26 'Sel' <Latency = 0> <II = 1> <Delay = 1.21> <FuncUnit> <Opcode : 'select'> <InPorts = 3> <OutPorts = 1>
ST_2 : Operation 17 [1/1] (1.21ns) (out node of the LUT)   --->   "%select_ln25_3 = select i1 %icmp_ln883_1, i5 %select_ln25_1, i5 %select_ln26" [Multiplexor/leading_ones_log2.cpp:25]   --->   Operation 17 'select' 'select_ln25_3' <Predicate = true> <Delay = 1.21> <Core = "Sel">   --->   Core 26 'Sel' <Latency = 0> <II = 1> <Delay = 1.21> <FuncUnit> <Opcode : 'select'> <InPorts = 3> <OutPorts = 1>
ST_2 : Operation 18 [1/1] (1.30ns)   --->   "%icmp_ln883_2 = icmp eq i4 %trunc_ln1503_1, 0" [Multiplexor/leading_ones_log2.cpp:25]   --->   Operation 18 'icmp' 'icmp_ln883_2' <Predicate = true> <Delay = 1.30> <Core = "Cmp">   --->   Core 25 'Cmp' <Latency = 0> <II = 1> <Delay = 2.42> <FuncUnit> <Opcode : 'icmp'> <InPorts = 2> <OutPorts = 1>
ST_2 : Operation 19 [1/1] (1.02ns)   --->   "%select_ln25_4 = select i1 %icmp_ln883_2, i4 %trunc_ln25_1, i4 %trunc_ln1503_1" [Multiplexor/leading_ones_log2.cpp:25]   --->   Operation 19 'select' 'select_ln25_4' <Predicate = true> <Delay = 1.02> <Core = "Sel">   --->   Core 26 'Sel' <Latency = 0> <II = 1> <Delay = 1.21> <FuncUnit> <Opcode : 'select'> <InPorts = 3> <OutPorts = 1>
ST_2 : Operation 20 [1/1] (0.00ns) (grouped into LUT with out node select_ln25_5)   --->   "%or_ln25 = or i5 %select_ln25_3, 4" [Multiplexor/leading_ones_log2.cpp:25]   --->   Operation 20 'or' 'or_ln25' <Predicate = true> <Delay = 0.00>
ST_2 : Operation 21 [1/1] (1.21ns) (out node of the LUT)   --->   "%select_ln25_5 = select i1 %icmp_ln883_2, i5 %select_ln25_3, i5 %or_ln25" [Multiplexor/leading_ones_log2.cpp:25]   --->   Operation 21 'select' 'select_ln25_5' <Predicate = true> <Delay = 1.21> <Core = "Sel">   --->   Core 26 'Sel' <Latency = 0> <II = 1> <Delay = 1.21> <FuncUnit> <Opcode : 'select'> <InPorts = 3> <OutPorts = 1>
ST_2 : Operation 22 [1/1] (0.00ns)   --->   "%trunc_ln1503_2 = call i2 @_ssdm_op_PartSelect.i2.i4.i32.i32(i4 %select_ln25_4, i32 2, i32 3)" [Multiplexor/leading_ones_log2.cpp:22]   --->   Operation 22 'partselect' 'trunc_ln1503_2' <Predicate = true> <Delay = 0.00>
ST_2 : Operation 23 [1/1] (0.95ns)   --->   "%icmp_ln883_3 = icmp eq i2 %trunc_ln1503_2, 0" [Multiplexor/leading_ones_log2.cpp:25]   --->   Operation 23 'icmp' 'icmp_ln883_3' <Predicate = true> <Delay = 0.95> <Core = "Cmp">   --->   Core 25 'Cmp' <Latency = 0> <II = 1> <Delay = 2.42> <FuncUnit> <Opcode : 'icmp'> <InPorts = 2> <OutPorts = 1>
ST_2 : Operation 24 [1/1] (0.00ns) (grouped into LUT with out node select_ln25_6)   --->   "%or_ln25_1 = or i5 %select_ln25_5, 2" [Multiplexor/leading_ones_log2.cpp:25]   --->   Operation 24 'or' 'or_ln25_1' <Predicate = true> <Delay = 0.00>
ST_2 : Operation 25 [1/1] (1.21ns) (out node of the LUT)   --->   "%select_ln25_6 = select i1 %icmp_ln883_3, i5 %select_ln25_5, i5 %or_ln25_1" [Multiplexor/leading_ones_log2.cpp:25]   --->   Operation 25 'select' 'select_ln25_6' <Predicate = true> <Delay = 1.21> <Core = "Sel">   --->   Core 26 'Sel' <Latency = 0> <II = 1> <Delay = 1.21> <FuncUnit> <Opcode : 'select'> <InPorts = 3> <OutPorts = 1>
ST_2 : Operation 26 [1/1] (0.00ns) (grouped into LUT with out node or_ln25_2)   --->   "%tmp = call i1 @_ssdm_op_BitSelect.i1.i4.i32(i4 %select_ln25_4, i32 1)" [Multiplexor/leading_ones_log2.cpp:25]   --->   Operation 26 'bitselect' 'tmp' <Predicate = true> <Delay = 0.00>
ST_2 : Operation 27 [1/1] (0.00ns) (grouped into LUT with out node or_ln25_2)   --->   "%tmp_1 = call i1 @_ssdm_op_BitSelect.i1.i4.i32(i4 %select_ln25_4, i32 3)" [Multiplexor/leading_ones_log2.cpp:25]   --->   Operation 27 'bitselect' 'tmp_1' <Predicate = true> <Delay = 0.00>
ST_2 : Operation 28 [1/1] (0.00ns) (grouped into LUT with out node or_ln25_2)   --->   "%select_ln25_7 = select i1 %icmp_ln883_3, i1 %tmp, i1 %tmp_1" [Multiplexor/leading_ones_log2.cpp:25]   --->   Operation 28 'select' 'select_ln25_7' <Predicate = true> <Delay = 0.00> <Core = "Sel">   --->   Core 26 'Sel' <Latency = 0> <II = 1> <Delay = 1.21> <FuncUnit> <Opcode : 'select'> <InPorts = 3> <OutPorts = 1>
ST_2 : Operation 29 [1/1] (0.00ns) (grouped into LUT with out node or_ln25_2)   --->   "%trunc_ln25_2 = trunc i5 %select_ln25_6 to i1" [Multiplexor/leading_ones_log2.cpp:25]   --->   Operation 29 'trunc' 'trunc_ln25_2' <Predicate = true> <Delay = 0.00>
ST_2 : Operation 30 [1/1] (0.99ns) (out node of the LUT)   --->   "%or_ln25_2 = or i1 %trunc_ln25_2, %select_ln25_7" [Multiplexor/leading_ones_log2.cpp:25]   --->   Operation 30 'or' 'or_ln25_2' <Predicate = true> <Delay = 0.99> <Core = "LogicGate">   --->   Core 27 'LogicGate' <Latency = 0> <II = 1> <Delay = 0.78> <FuncUnit> <Opcode : 'and' 'or' 'xor'> <InPorts = 2> <OutPorts = 1>
ST_2 : Operation 31 [1/1] (0.00ns)   --->   "%tmp_2 = call i4 @_ssdm_op_PartSelect.i4.i5.i32.i32(i5 %select_ln25_6, i32 1, i32 4)" [Multiplexor/leading_ones_log2.cpp:25]   --->   Operation 31 'partselect' 'tmp_2' <Predicate = true> <Delay = 0.00>
ST_2 : Operation 32 [1/1] (0.00ns)   --->   "%ssdm_int_V_write_ass = call i5 @_ssdm_op_BitConcatenate.i5.i4.i1(i4 %tmp_2, i1 %or_ln25_2)" [Multiplexor/leading_ones_log2.cpp:25]   --->   Operation 32 'bitconcatenate' 'ssdm_int_V_write_ass' <Predicate = true> <Delay = 0.00>
ST_2 : Operation 33 [1/1] (0.00ns)   --->   "%mrv = insertvalue { i1, i5 } undef, i1 %flag, 0" [Multiplexor/leading_ones_log2.cpp:33]   --->   Operation 33 'insertvalue' 'mrv' <Predicate = true> <Delay = 0.00>
ST_2 : Operation 34 [1/1] (0.00ns)   --->   "%mrv_1 = insertvalue { i1, i5 } %mrv, i5 %ssdm_int_V_write_ass, 1" [Multiplexor/leading_ones_log2.cpp:33]   --->   Operation 34 'insertvalue' 'mrv_1' <Predicate = true> <Delay = 0.00>
ST_2 : Operation 35 [1/1] (0.00ns)   --->   "ret { i1, i5 } %mrv_1" [Multiplexor/leading_ones_log2.cpp:33]   --->   Operation 35 'ret' <Predicate = true> <Delay = 0.00>


============================================================
+ Verbose Summary: Binding
============================================================
STG Binding: 
---------------- STG Properties BEGIN ----------------
- Is combinational: 0
- Is one-state seq: 0
- Is datapath-only: 0
- Is pipelined: 0
- Is top level: 0
Port [ Return ] is wired: 1; IO mode=ap_ctrl_hs:ce=0
Port [ din_V]:  wired=1; compound=0; hidden=0; nouse=0; global=0; static=0; extern=0; dir=0; type=0; pingpong=0; private_global=0; IO mode=ap_none:ce=0
---------------- STG Properties END ------------------

---------------- Datapath Model BEGIN ----------------

<LifeTime>
<method=bitvector/>
din_V_read           (read          ) [ 000]
flag                 (icmp          ) [ 001]
trunc_ln             (partselect    ) [ 000]
trunc_ln1355         (trunc         ) [ 000]
icmp_ln883           (icmp          ) [ 001]
select_ln25          (select        ) [ 000]
trunc_ln25           (trunc         ) [ 000]
trunc_ln2            (partselect    ) [ 000]
icmp_ln883_1         (icmp          ) [ 001]
select_ln25_2        (select        ) [ 000]
trunc_ln25_1         (trunc         ) [ 001]
trunc_ln1503_1       (partselect    ) [ 001]
select_ln25_1        (select        ) [ 000]
select_ln26          (select        ) [ 000]
select_ln25_3        (select        ) [ 000]
icmp_ln883_2         (icmp          ) [ 000]
select_ln25_4        (select        ) [ 000]
or_ln25              (or            ) [ 000]
select_ln25_5        (select        ) [ 000]
trunc_ln1503_2       (partselect    ) [ 000]
icmp_ln883_3         (icmp          ) [ 000]
or_ln25_1            (or            ) [ 000]
select_ln25_6        (select        ) [ 000]
tmp                  (bitselect     ) [ 000]
tmp_1                (bitselect     ) [ 000]
select_ln25_7        (select        ) [ 000]
trunc_ln25_2         (trunc         ) [ 000]
or_ln25_2            (or            ) [ 000]
tmp_2                (partselect    ) [ 000]
ssdm_int_V_write_ass (bitconcatenate) [ 000]
mrv                  (insertvalue   ) [ 000]
mrv_1                (insertvalue   ) [ 000]
ret_ln33             (ret           ) [ 000]
</LifeTime>

<model>

<comp_list>
<comp id="0" class="1000" name="din_V">
<pin_list>
<pin id="1" dir="1" index="0" bw="1" slack="0"/>
</pin_list>
<bind>
<StgValue><ssdm name="din_V"/></StgValue>
</bind>
</comp>

<comp id="2" class="1001" name="const_2">
<pin_list>
<pin id="3" dir="1" index="0" bw="1" slack="0"/>
</pin_list>
<bind>
<StgValue><ssdm name="_ssdm_op_Read.ap_auto.i32"/></StgValue>
</bind>
</comp>

<comp id="4" class="1001" name="const_4">
<pin_list>
<pin id="5" dir="1" index="0" bw="1" slack="0"/>
</pin_list>
<bind>
<StgValue><ssdm name=""/></StgValue>
</bind>
</comp>

<comp id="6" class="1001" name="const_6">
<pin_list>
<pin id="7" dir="1" index="0" bw="1" slack="0"/>
</pin_list>
<bind>
<StgValue><ssdm name="_ssdm_op_PartSelect.i16.i32.i32.i32"/></StgValue>
</bind>
</comp>

<comp id="8" class="1001" name="const_8">
<pin_list>
<pin id="9" dir="1" index="0" bw="1" slack="0"/>
</pin_list>
<bind>
<StgValue><ssdm name=""/></StgValue>
</bind>
</comp>

<comp id="10" class="1001" name="const_10">
<pin_list>
<pin id="11" dir="1" index="0" bw="1" slack="0"/>
</pin_list>
<bind>
<StgValue><ssdm name=""/></StgValue>
</bind>
</comp>

<comp id="12" class="1001" name="const_12">
<pin_list>
<pin id="13" dir="1" index="0" bw="1" slack="0"/>
</pin_list>
<bind>
<StgValue><ssdm name=""/></StgValue>
</bind>
</comp>

<comp id="14" class="1001" name="const_14">
<pin_list>
<pin id="15" dir="1" index="0" bw="1" slack="0"/>
</pin_list>
<bind>
<StgValue><ssdm name="_ssdm_op_PartSelect.i8.i16.i32.i32"/></StgValue>
</bind>
</comp>

<comp id="16" class="1001" name="const_16">
<pin_list>
<pin id="17" dir="1" index="0" bw="1" slack="0"/>
</pin_list>
<bind>
<StgValue><ssdm name=""/></StgValue>
</bind>
</comp>

<comp id="18" class="1001" name="const_18">
<pin_list>
<pin id="19" dir="1" index="0" bw="1" slack="0"/>
</pin_list>
<bind>
<StgValue><ssdm name=""/></StgValue>
</bind>
</comp>

<comp id="20" class="1001" name="const_20">
<pin_list>
<pin id="21" dir="1" index="0" bw="1" slack="0"/>
</pin_list>
<bind>
<StgValue><ssdm name=""/></StgValue>
</bind>
</comp>

<comp id="22" class="1001" name="const_22">
<pin_list>
<pin id="23" dir="1" index="0" bw="1" slack="0"/>
</pin_list>
<bind>
<StgValue><ssdm name="_ssdm_op_PartSelect.i4.i8.i32.i32"/></StgValue>
</bind>
</comp>

<comp id="24" class="1001" name="const_24">
<pin_list>
<pin id="25" dir="1" index="0" bw="1" slack="0"/>
</pin_list>
<bind>
<StgValue><ssdm name=""/></StgValue>
</bind>
</comp>

<comp id="26" class="1001" name="const_26">
<pin_list>
<pin id="27" dir="1" index="0" bw="1" slack="0"/>
</pin_list>
<bind>
<StgValue><ssdm name=""/></StgValue>
</bind>
</comp>

<comp id="28" class="1001" name="const_28">
<pin_list>
<pin id="29" dir="1" index="0" bw="1" slack="0"/>
</pin_list>
<bind>
<StgValue><ssdm name=""/></StgValue>
</bind>
</comp>

<comp id="30" class="1001" name="const_30">
<pin_list>
<pin id="31" dir="1" index="0" bw="1" slack="0"/>
</pin_list>
<bind>
<StgValue><ssdm name=""/></StgValue>
</bind>
</comp>

<comp id="32" class="1001" name="const_32">
<pin_list>
<pin id="33" dir="1" index="0" bw="1" slack="0"/>
</pin_list>
<bind>
<StgValue><ssdm name=""/></StgValue>
</bind>
</comp>

<comp id="34" class="1001" name="const_34">
<pin_list>
<pin id="35" dir="1" index="0" bw="1" slack="0"/>
</pin_list>
<bind>
<StgValue><ssdm name=""/></StgValue>
</bind>
</comp>

<comp id="36" class="1001" name="const_36">
<pin_list>
<pin id="37" dir="1" index="0" bw="1" slack="0"/>
</pin_list>
<bind>
<StgValue><ssdm name=""/></StgValue>
</bind>
</comp>

<comp id="38" class="1001" name="const_38">
<pin_list>
<pin id="39" dir="1" index="0" bw="1" slack="0"/>
</pin_list>
<bind>
<StgValue><ssdm name=""/></StgValue>
</bind>
</comp>

<comp id="40" class="1001" name="const_40">
<pin_list>
<pin id="41" dir="1" index="0" bw="1" slack="0"/>
</pin_list>
<bind>
<StgValue><ssdm name="_ssdm_op_PartSelect.i2.i4.i32.i32"/></StgValue>
</bind>
</comp>

<comp id="42" class="1001" name="const_42">
<pin_list>
<pin id="43" dir="1" index="0" bw="1" slack="0"/>
</pin_list>
<bind>
<StgValue><ssdm name=""/></StgValue>
</bind>
</comp>

<comp id="44" class="1001" name="const_44">
<pin_list>
<pin id="45" dir="1" index="0" bw="1" slack="0"/>
</pin_list>
<bind>
<StgValue><ssdm name=""/></StgValue>
</bind>
</comp>

<comp id="46" class="1001" name="const_46">
<pin_list>
<pin id="47" dir="1" index="0" bw="1" slack="0"/>
</pin_list>
<bind>
<StgValue><ssdm name=""/></StgValue>
</bind>
</comp>

<comp id="48" class="1001" name="const_48">
<pin_list>
<pin id="49" dir="1" index="0" bw="1" slack="0"/>
</pin_list>
<bind>
<StgValue><ssdm name=""/></StgValue>
</bind>
</comp>

<comp id="50" class="1001" name="const_50">
<pin_list>
<pin id="51" dir="1" index="0" bw="1" slack="0"/>
</pin_list>
<bind>
<StgValue><ssdm name="_ssdm_op_BitSelect.i1.i4.i32"/></StgValue>
</bind>
</comp>

<comp id="52" class="1001" name="const_52">
<pin_list>
<pin id="53" dir="1" index="0" bw="1" slack="0"/>
</pin_list>
<bind>
<StgValue><ssdm name=""/></StgValue>
</bind>
</comp>

<comp id="54" class="1001" name="const_54">
<pin_list>
<pin id="55" dir="1" index="0" bw="1" slack="0"/>
</pin_list>
<bind>
<StgValue><ssdm name="_ssdm_op_PartSelect.i4.i5.i32.i32"/></StgValue>
</bind>
</comp>

<comp id="56" class="1001" name="const_56">
<pin_list>
<pin id="57" dir="1" index="0" bw="1" slack="0"/>
</pin_list>
<bind>
<StgValue><ssdm name="_ssdm_op_BitConcatenate.i5.i4.i1"/></StgValue>
</bind>
</comp>

<comp id="58" class="1001" name="const_58">
<pin_list>
<pin id="59" dir="1" index="0" bw="1" slack="0"/>
</pin_list>
<bind>
<StgValue><ssdm name=""/></StgValue>
</bind>
</comp>

<comp id="60" class="1004" name="din_V_read_read_fu_60">
<pin_list>
<pin id="61" dir="0" index="0" bw="32" slack="0"/>
<pin id="62" dir="0" index="1" bw="32" slack="0"/>
<pin id="63" dir="1" index="2" bw="32" slack="0"/>
</pin_list>
<bind>
<opcode="read(1150) " fcode="read"/>
<opset="din_V_read/1 "/>
</bind>
</comp>

<comp id="66" class="1004" name="flag_fu_66">
<pin_list>
<pin id="67" dir="0" index="0" bw="32" slack="0"/>
<pin id="68" dir="0" index="1" bw="32" slack="0"/>
<pin id="69" dir="1" index="2" bw="1" slack="1"/>
</pin_list>
<bind>
<opcode="icmp(45) " fcode="icmp"/>
<opset="flag/1 "/>
</bind>
</comp>

<comp id="72" class="1004" name="trunc_ln_fu_72">
<pin_list>
<pin id="73" dir="0" index="0" bw="16" slack="0"/>
<pin id="74" dir="0" index="1" bw="32" slack="0"/>
<pin id="75" dir="0" index="2" bw="6" slack="0"/>
<pin id="76" dir="0" index="3" bw="6" slack="0"/>
<pin id="77" dir="1" index="4" bw="16" slack="0"/>
</pin_list>
<bind>
<opcode="partselect(1002) " fcode="partselect"/>
<opset="trunc_ln/1 "/>
</bind>
</comp>

<comp id="82" class="1004" name="trunc_ln1355_fu_82">
<pin_list>
<pin id="83" dir="0" index="0" bw="32" slack="0"/>
<pin id="84" dir="1" index="1" bw="16" slack="0"/>
</pin_list>
<bind>
<opcode="trunc(33) " fcode="trunc"/>
<opset="trunc_ln1355/1 "/>
</bind>
</comp>

<comp id="86" class="1004" name="icmp_ln883_fu_86">
<pin_list>
<pin id="87" dir="0" index="0" bw="16" slack="0"/>
<pin id="88" dir="0" index="1" bw="16" slack="0"/>
<pin id="89" dir="1" index="2" bw="1" slack="0"/>
</pin_list>
<bind>
<opcode="icmp(45) " fcode="icmp"/>
<opset="icmp_ln883/1 "/>
</bind>
</comp>

<comp id="92" class="1004" name="select_ln25_fu_92">
<pin_list>
<pin id="93" dir="0" index="0" bw="1" slack="0"/>
<pin id="94" dir="0" index="1" bw="16" slack="0"/>
<pin id="95" dir="0" index="2" bw="16" slack="0"/>
<pin id="96" dir="1" index="3" bw="16" slack="0"/>
</pin_list>
<bind>
<opcode="select(49) " fcode="select"/>
<opset="select_ln25/1 "/>
</bind>
</comp>

<comp id="100" class="1004" name="trunc_ln25_fu_100">
<pin_list>
<pin id="101" dir="0" index="0" bw="16" slack="0"/>
<pin id="102" dir="1" index="1" bw="8" slack="0"/>
</pin_list>
<bind>
<opcode="trunc(33) " fcode="trunc"/>
<opset="trunc_ln25/1 "/>
</bind>
</comp>

<comp id="104" class="1004" name="trunc_ln2_fu_104">
<pin_list>
<pin id="105" dir="0" index="0" bw="8" slack="0"/>
<pin id="106" dir="0" index="1" bw="16" slack="0"/>
<pin id="107" dir="0" index="2" bw="5" slack="0"/>
<pin id="108" dir="0" index="3" bw="5" slack="0"/>
<pin id="109" dir="1" index="4" bw="8" slack="0"/>
</pin_list>
<bind>
<opcode="partselect(1002) " fcode="partselect"/>
<opset="trunc_ln2/1 "/>
</bind>
</comp>

<comp id="114" class="1004" name="icmp_ln883_1_fu_114">
<pin_list>
<pin id="115" dir="0" index="0" bw="8" slack="0"/>
<pin id="116" dir="0" index="1" bw="8" slack="0"/>
<pin id="117" dir="1" index="2" bw="1" slack="0"/>
</pin_list>
<bind>
<opcode="icmp(45) " fcode="icmp"/>
<opset="icmp_ln883_1/1 "/>
</bind>
</comp>

<comp id="120" class="1004" name="select_ln25_2_fu_120">
<pin_list>
<pin id="121" dir="0" index="0" bw="1" slack="0"/>
<pin id="122" dir="0" index="1" bw="8" slack="0"/>
<pin id="123" dir="0" index="2" bw="8" slack="0"/>
<pin id="124" dir="1" index="3" bw="8" slack="0"/>
</pin_list>
<bind>
<opcode="select(49) " fcode="select"/>
<opset="select_ln25_2/1 "/>
</bind>
</comp>

<comp id="128" class="1004" name="trunc_ln25_1_fu_128">
<pin_list>
<pin id="129" dir="0" index="0" bw="8" slack="0"/>
<pin id="130" dir="1" index="1" bw="4" slack="1"/>
</pin_list>
<bind>
<opcode="trunc(33) " fcode="trunc"/>
<opset="trunc_ln25_1/1 "/>
</bind>
</comp>

<comp id="132" class="1004" name="trunc_ln1503_1_fu_132">
<pin_list>
<pin id="133" dir="0" index="0" bw="4" slack="0"/>
<pin id="134" dir="0" index="1" bw="8" slack="0"/>
<pin id="135" dir="0" index="2" bw="4" slack="0"/>
<pin id="136" dir="0" index="3" bw="4" slack="0"/>
<pin id="137" dir="1" index="4" bw="4" slack="1"/>
</pin_list>
<bind>
<opcode="partselect(1002) " fcode="partselect"/>
<opset="trunc_ln1503_1/1 "/>
</bind>
</comp>

<comp id="142" class="1004" name="select_ln25_1_fu_142">
<pin_list>
<pin id="143" dir="0" index="0" bw="1" slack="1"/>
<pin id="144" dir="0" index="1" bw="5" slack="0"/>
<pin id="145" dir="0" index="2" bw="5" slack="0"/>
<pin id="146" dir="1" index="3" bw="5" slack="0"/>
</pin_list>
<bind>
<opcode="select(49) " fcode="select"/>
<opset="select_ln25_1/2 "/>
</bind>
</comp>

<comp id="149" class="1004" name="select_ln26_fu_149">
<pin_list>
<pin id="150" dir="0" index="0" bw="1" slack="1"/>
<pin id="151" dir="0" index="1" bw="5" slack="0"/>
<pin id="152" dir="0" index="2" bw="5" slack="0"/>
<pin id="153" dir="1" index="3" bw="5" slack="0"/>
</pin_list>
<bind>
<opcode="select(49) " fcode="select"/>
<opset="select_ln26/2 "/>
</bind>
</comp>

<comp id="156" class="1004" name="select_ln25_3_fu_156">
<pin_list>
<pin id="157" dir="0" index="0" bw="1" slack="1"/>
<pin id="158" dir="0" index="1" bw="5" slack="0"/>
<pin id="159" dir="0" index="2" bw="5" slack="0"/>
<pin id="160" dir="1" index="3" bw="5" slack="0"/>
</pin_list>
<bind>
<opcode="select(49) " fcode="select"/>
<opset="select_ln25_3/2 "/>
</bind>
</comp>

<comp id="163" class="1004" name="icmp_ln883_2_fu_163">
<pin_list>
<pin id="164" dir="0" index="0" bw="4" slack="1"/>
<pin id="165" dir="0" index="1" bw="4" slack="0"/>
<pin id="166" dir="1" index="2" bw="1" slack="0"/>
</pin_list>
<bind>
<opcode="icmp(45) " fcode="icmp"/>
<opset="icmp_ln883_2/2 "/>
</bind>
</comp>

<comp id="168" class="1004" name="select_ln25_4_fu_168">
<pin_list>
<pin id="169" dir="0" index="0" bw="1" slack="0"/>
<pin id="170" dir="0" index="1" bw="4" slack="1"/>
<pin id="171" dir="0" index="2" bw="4" slack="1"/>
<pin id="172" dir="1" index="3" bw="4" slack="0"/>
</pin_list>
<bind>
<opcode="select(49) " fcode="select"/>
<opset="select_ln25_4/2 "/>
</bind>
</comp>

<comp id="174" class="1004" name="or_ln25_fu_174">
<pin_list>
<pin id="175" dir="0" index="0" bw="5" slack="0"/>
<pin id="176" dir="0" index="1" bw="5" slack="0"/>
<pin id="177" dir="1" index="2" bw="5" slack="0"/>
</pin_list>
<bind>
<opcode="or(24) " fcode="or"/>
<opset="or_ln25/2 "/>
</bind>
</comp>

<comp id="180" class="1004" name="select_ln25_5_fu_180">
<pin_list>
<pin id="181" dir="0" index="0" bw="1" slack="0"/>
<pin id="182" dir="0" index="1" bw="5" slack="0"/>
<pin id="183" dir="0" index="2" bw="5" slack="0"/>
<pin id="184" dir="1" index="3" bw="5" slack="0"/>
</pin_list>
<bind>
<opcode="select(49) " fcode="select"/>
<opset="select_ln25_5/2 "/>
</bind>
</comp>

<comp id="188" class="1004" name="trunc_ln1503_2_fu_188">
<pin_list>
<pin id="189" dir="0" index="0" bw="2" slack="0"/>
<pin id="190" dir="0" index="1" bw="4" slack="0"/>
<pin id="191" dir="0" index="2" bw="3" slack="0"/>
<pin id="192" dir="0" index="3" bw="3" slack="0"/>
<pin id="193" dir="1" index="4" bw="2" slack="0"/>
</pin_list>
<bind>
<opcode="partselect(1002) " fcode="partselect"/>
<opset="trunc_ln1503_2/2 "/>
</bind>
</comp>

<comp id="198" class="1004" name="icmp_ln883_3_fu_198">
<pin_list>
<pin id="199" dir="0" index="0" bw="2" slack="0"/>
<pin id="200" dir="0" index="1" bw="2" slack="0"/>
<pin id="201" dir="1" index="2" bw="1" slack="0"/>
</pin_list>
<bind>
<opcode="icmp(45) " fcode="icmp"/>
<opset="icmp_ln883_3/2 "/>
</bind>
</comp>

<comp id="204" class="1004" name="or_ln25_1_fu_204">
<pin_list>
<pin id="205" dir="0" index="0" bw="5" slack="0"/>
<pin id="206" dir="0" index="1" bw="5" slack="0"/>
<pin id="207" dir="1" index="2" bw="5" slack="0"/>
</pin_list>
<bind>
<opcode="or(24) " fcode="or"/>
<opset="or_ln25_1/2 "/>
</bind>
</comp>

<comp id="210" class="1004" name="select_ln25_6_fu_210">
<pin_list>
<pin id="211" dir="0" index="0" bw="1" slack="0"/>
<pin id="212" dir="0" index="1" bw="5" slack="0"/>
<pin id="213" dir="0" index="2" bw="5" slack="0"/>
<pin id="214" dir="1" index="3" bw="5" slack="0"/>
</pin_list>
<bind>
<opcode="select(49) " fcode="select"/>
<opset="select_ln25_6/2 "/>
</bind>
</comp>

<comp id="218" class="1004" name="tmp_fu_218">
<pin_list>
<pin id="219" dir="0" index="0" bw="1" slack="0"/>
<pin id="220" dir="0" index="1" bw="4" slack="0"/>
<pin id="221" dir="0" index="2" bw="1" slack="0"/>
<pin id="222" dir="1" index="3" bw="1" slack="0"/>
</pin_list>
<bind>
<opcode="bitselect(1000) " fcode="bitselect"/>
<opset="tmp/2 "/>
</bind>
</comp>

<comp id="226" class="1004" name="tmp_1_fu_226">
<pin_list>
<pin id="227" dir="0" index="0" bw="1" slack="0"/>
<pin id="228" dir="0" index="1" bw="4" slack="0"/>
<pin id="229" dir="0" index="2" bw="3" slack="0"/>
<pin id="230" dir="1" index="3" bw="1" slack="0"/>
</pin_list>
<bind>
<opcode="bitselect(1000) " fcode="bitselect"/>
<opset="tmp_1/2 "/>
</bind>
</comp>

<comp id="234" class="1004" name="select_ln25_7_fu_234">
<pin_list>
<pin id="235" dir="0" index="0" bw="1" slack="0"/>
<pin id="236" dir="0" index="1" bw="1" slack="0"/>
<pin id="237" dir="0" index="2" bw="1" slack="0"/>
<pin id="238" dir="1" index="3" bw="1" slack="0"/>
</pin_list>
<bind>
<opcode="select(49) " fcode="select"/>
<opset="select_ln25_7/2 "/>
</bind>
</comp>

<comp id="242" class="1004" name="trunc_ln25_2_fu_242">
<pin_list>
<pin id="243" dir="0" index="0" bw="5" slack="0"/>
<pin id="244" dir="1" index="1" bw="1" slack="0"/>
</pin_list>
<bind>
<opcode="trunc(33) " fcode="trunc"/>
<opset="trunc_ln25_2/2 "/>
</bind>
</comp>

<comp id="246" class="1004" name="or_ln25_2_fu_246">
<pin_list>
<pin id="247" dir="0" index="0" bw="1" slack="0"/>
<pin id="248" dir="0" index="1" bw="1" slack="0"/>
<pin id="249" dir="1" index="2" bw="1" slack="0"/>
</pin_list>
<bind>
<opcode="or(24) " fcode="or"/>
<opset="or_ln25_2/2 "/>
</bind>
</comp>

<comp id="252" class="1004" name="tmp_2_fu_252">
<pin_list>
<pin id="253" dir="0" index="0" bw="4" slack="0"/>
<pin id="254" dir="0" index="1" bw="5" slack="0"/>
<pin id="255" dir="0" index="2" bw="1" slack="0"/>
<pin id="256" dir="0" index="3" bw="4" slack="0"/>
<pin id="257" dir="1" index="4" bw="4" slack="0"/>
</pin_list>
<bind>
<opcode="partselect(1002) " fcode="partselect"/>
<opset="tmp_2/2 "/>
</bind>
</comp>

<comp id="262" class="1004" name="ssdm_int_V_write_ass_fu_262">
<pin_list>
<pin id="263" dir="0" index="0" bw="5" slack="0"/>
<pin id="264" dir="0" index="1" bw="4" slack="0"/>
<pin id="265" dir="0" index="2" bw="1" slack="0"/>
<pin id="266" dir="1" index="3" bw="5" slack="0"/>
</pin_list>
<bind>
<opcode="bitconcatenate(1004) " fcode="bitconcatenate"/>
<opset="ssdm_int_V_write_ass/2 "/>
</bind>
</comp>

<comp id="270" class="1004" name="mrv_fu_270">
<pin_list>
<pin id="271" dir="0" index="0" bw="6" slack="0"/>
<pin id="272" dir="0" index="1" bw="1" slack="1"/>
<pin id="273" dir="1" index="2" bw="6" slack="0"/>
</pin_list>
<bind>
<opcode="insertvalue(57) " fcode="insertvalue"/>
<opset="mrv/2 "/>
</bind>
</comp>

<comp id="275" class="1004" name="mrv_1_fu_275">
<pin_list>
<pin id="276" dir="0" index="0" bw="6" slack="0"/>
<pin id="277" dir="0" index="1" bw="5" slack="0"/>
<pin id="278" dir="1" index="2" bw="6" slack="2147483647"/>
</pin_list>
<bind>
<opcode="insertvalue(57) " fcode="insertvalue"/>
<opset="mrv_1/2 "/>
</bind>
</comp>

<comp id="281" class="1005" name="flag_reg_281">
<pin_list>
<pin id="282" dir="0" index="0" bw="1" slack="1"/>
<pin id="283" dir="1" index="1" bw="1" slack="1"/>
</pin_list>
<bind>
<opset="flag "/>
</bind>
</comp>

<comp id="286" class="1005" name="icmp_ln883_reg_286">
<pin_list>
<pin id="287" dir="0" index="0" bw="1" slack="1"/>
<pin id="288" dir="1" index="1" bw="1" slack="1"/>
</pin_list>
<bind>
<opset="icmp_ln883 "/>
</bind>
</comp>

<comp id="292" class="1005" name="icmp_ln883_1_reg_292">
<pin_list>
<pin id="293" dir="0" index="0" bw="1" slack="1"/>
<pin id="294" dir="1" index="1" bw="1" slack="1"/>
</pin_list>
<bind>
<opset="icmp_ln883_1 "/>
</bind>
</comp>

<comp id="297" class="1005" name="trunc_ln25_1_reg_297">
<pin_list>
<pin id="298" dir="0" index="0" bw="4" slack="1"/>
<pin id="299" dir="1" index="1" bw="4" slack="1"/>
</pin_list>
<bind>
<opset="trunc_ln25_1 "/>
</bind>
</comp>

<comp id="302" class="1005" name="trunc_ln1503_1_reg_302">
<pin_list>
<pin id="303" dir="0" index="0" bw="4" slack="1"/>
<pin id="304" dir="1" index="1" bw="4" slack="1"/>
</pin_list>
<bind>
<opset="trunc_ln1503_1 "/>
</bind>
</comp>

</comp_list>

<net_list>
<net id="64"><net_src comp="2" pin="0"/><net_sink comp="60" pin=0"/></net>

<net id="65"><net_src comp="0" pin="0"/><net_sink comp="60" pin=1"/></net>

<net id="70"><net_src comp="60" pin="2"/><net_sink comp="66" pin=0"/></net>

<net id="71"><net_src comp="4" pin="0"/><net_sink comp="66" pin=1"/></net>

<net id="78"><net_src comp="6" pin="0"/><net_sink comp="72" pin=0"/></net>

<net id="79"><net_src comp="60" pin="2"/><net_sink comp="72" pin=1"/></net>

<net id="80"><net_src comp="8" pin="0"/><net_sink comp="72" pin=2"/></net>

<net id="81"><net_src comp="10" pin="0"/><net_sink comp="72" pin=3"/></net>

<net id="85"><net_src comp="60" pin="2"/><net_sink comp="82" pin=0"/></net>

<net id="90"><net_src comp="72" pin="4"/><net_sink comp="86" pin=0"/></net>

<net id="91"><net_src comp="12" pin="0"/><net_sink comp="86" pin=1"/></net>

<net id="97"><net_src comp="86" pin="2"/><net_sink comp="92" pin=0"/></net>

<net id="98"><net_src comp="82" pin="1"/><net_sink comp="92" pin=1"/></net>

<net id="99"><net_src comp="72" pin="4"/><net_sink comp="92" pin=2"/></net>

<net id="103"><net_src comp="92" pin="3"/><net_sink comp="100" pin=0"/></net>

<net id="110"><net_src comp="14" pin="0"/><net_sink comp="104" pin=0"/></net>

<net id="111"><net_src comp="92" pin="3"/><net_sink comp="104" pin=1"/></net>

<net id="112"><net_src comp="16" pin="0"/><net_sink comp="104" pin=2"/></net>

<net id="113"><net_src comp="18" pin="0"/><net_sink comp="104" pin=3"/></net>

<net id="118"><net_src comp="104" pin="4"/><net_sink comp="114" pin=0"/></net>

<net id="119"><net_src comp="20" pin="0"/><net_sink comp="114" pin=1"/></net>

<net id="125"><net_src comp="114" pin="2"/><net_sink comp="120" pin=0"/></net>

<net id="126"><net_src comp="100" pin="1"/><net_sink comp="120" pin=1"/></net>

<net id="127"><net_src comp="104" pin="4"/><net_sink comp="120" pin=2"/></net>

<net id="131"><net_src comp="120" pin="3"/><net_sink comp="128" pin=0"/></net>

<net id="138"><net_src comp="22" pin="0"/><net_sink comp="132" pin=0"/></net>

<net id="139"><net_src comp="120" pin="3"/><net_sink comp="132" pin=1"/></net>

<net id="140"><net_src comp="24" pin="0"/><net_sink comp="132" pin=2"/></net>

<net id="141"><net_src comp="26" pin="0"/><net_sink comp="132" pin=3"/></net>

<net id="147"><net_src comp="28" pin="0"/><net_sink comp="142" pin=1"/></net>

<net id="148"><net_src comp="30" pin="0"/><net_sink comp="142" pin=2"/></net>

<net id="154"><net_src comp="32" pin="0"/><net_sink comp="149" pin=1"/></net>

<net id="155"><net_src comp="34" pin="0"/><net_sink comp="149" pin=2"/></net>

<net id="161"><net_src comp="142" pin="3"/><net_sink comp="156" pin=1"/></net>

<net id="162"><net_src comp="149" pin="3"/><net_sink comp="156" pin=2"/></net>

<net id="167"><net_src comp="36" pin="0"/><net_sink comp="163" pin=1"/></net>

<net id="173"><net_src comp="163" pin="2"/><net_sink comp="168" pin=0"/></net>

<net id="178"><net_src comp="156" pin="3"/><net_sink comp="174" pin=0"/></net>

<net id="179"><net_src comp="38" pin="0"/><net_sink comp="174" pin=1"/></net>

<net id="185"><net_src comp="163" pin="2"/><net_sink comp="180" pin=0"/></net>

<net id="186"><net_src comp="156" pin="3"/><net_sink comp="180" pin=1"/></net>

<net id="187"><net_src comp="174" pin="2"/><net_sink comp="180" pin=2"/></net>

<net id="194"><net_src comp="40" pin="0"/><net_sink comp="188" pin=0"/></net>

<net id="195"><net_src comp="168" pin="3"/><net_sink comp="188" pin=1"/></net>

<net id="196"><net_src comp="42" pin="0"/><net_sink comp="188" pin=2"/></net>

<net id="197"><net_src comp="44" pin="0"/><net_sink comp="188" pin=3"/></net>

<net id="202"><net_src comp="188" pin="4"/><net_sink comp="198" pin=0"/></net>

<net id="203"><net_src comp="46" pin="0"/><net_sink comp="198" pin=1"/></net>

<net id="208"><net_src comp="180" pin="3"/><net_sink comp="204" pin=0"/></net>

<net id="209"><net_src comp="48" pin="0"/><net_sink comp="204" pin=1"/></net>

<net id="215"><net_src comp="198" pin="2"/><net_sink comp="210" pin=0"/></net>

<net id="216"><net_src comp="180" pin="3"/><net_sink comp="210" pin=1"/></net>

<net id="217"><net_src comp="204" pin="2"/><net_sink comp="210" pin=2"/></net>

<net id="223"><net_src comp="50" pin="0"/><net_sink comp="218" pin=0"/></net>

<net id="224"><net_src comp="168" pin="3"/><net_sink comp="218" pin=1"/></net>

<net id="225"><net_src comp="52" pin="0"/><net_sink comp="218" pin=2"/></net>

<net id="231"><net_src comp="50" pin="0"/><net_sink comp="226" pin=0"/></net>

<net id="232"><net_src comp="168" pin="3"/><net_sink comp="226" pin=1"/></net>

<net id="233"><net_src comp="44" pin="0"/><net_sink comp="226" pin=2"/></net>

<net id="239"><net_src comp="198" pin="2"/><net_sink comp="234" pin=0"/></net>

<net id="240"><net_src comp="218" pin="3"/><net_sink comp="234" pin=1"/></net>

<net id="241"><net_src comp="226" pin="3"/><net_sink comp="234" pin=2"/></net>

<net id="245"><net_src comp="210" pin="3"/><net_sink comp="242" pin=0"/></net>

<net id="250"><net_src comp="242" pin="1"/><net_sink comp="246" pin=0"/></net>

<net id="251"><net_src comp="234" pin="3"/><net_sink comp="246" pin=1"/></net>

<net id="258"><net_src comp="54" pin="0"/><net_sink comp="252" pin=0"/></net>

<net id="259"><net_src comp="210" pin="3"/><net_sink comp="252" pin=1"/></net>

<net id="260"><net_src comp="52" pin="0"/><net_sink comp="252" pin=2"/></net>

<net id="261"><net_src comp="24" pin="0"/><net_sink comp="252" pin=3"/></net>

<net id="267"><net_src comp="56" pin="0"/><net_sink comp="262" pin=0"/></net>

<net id="268"><net_src comp="252" pin="4"/><net_sink comp="262" pin=1"/></net>

<net id="269"><net_src comp="246" pin="2"/><net_sink comp="262" pin=2"/></net>

<net id="274"><net_src comp="58" pin="0"/><net_sink comp="270" pin=0"/></net>

<net id="279"><net_src comp="270" pin="2"/><net_sink comp="275" pin=0"/></net>

<net id="280"><net_src comp="262" pin="3"/><net_sink comp="275" pin=1"/></net>

<net id="284"><net_src comp="66" pin="2"/><net_sink comp="281" pin=0"/></net>

<net id="285"><net_src comp="281" pin="1"/><net_sink comp="270" pin=1"/></net>

<net id="289"><net_src comp="86" pin="2"/><net_sink comp="286" pin=0"/></net>

<net id="290"><net_src comp="286" pin="1"/><net_sink comp="142" pin=0"/></net>

<net id="291"><net_src comp="286" pin="1"/><net_sink comp="149" pin=0"/></net>

<net id="295"><net_src comp="114" pin="2"/><net_sink comp="292" pin=0"/></net>

<net id="296"><net_src comp="292" pin="1"/><net_sink comp="156" pin=0"/></net>

<net id="300"><net_src comp="128" pin="1"/><net_sink comp="297" pin=0"/></net>

<net id="301"><net_src comp="297" pin="1"/><net_sink comp="168" pin=1"/></net>

<net id="305"><net_src comp="132" pin="4"/><net_sink comp="302" pin=0"/></net>

<net id="306"><net_src comp="302" pin="1"/><net_sink comp="163" pin=0"/></net>

<net id="307"><net_src comp="302" pin="1"/><net_sink comp="168" pin=2"/></net>

</net_list>

</model> 
---------------- Datapath Model END ------------------

* FSMD analyzer results:
  - Output states:
 - Input state : 
	Port: leading_ones_log2 : din_V | {1 }
  - Chain level:
	State 1
		icmp_ln883 : 1
		select_ln25 : 2
		trunc_ln25 : 3
		trunc_ln2 : 3
		icmp_ln883_1 : 4
		select_ln25_2 : 5
		trunc_ln25_1 : 6
		trunc_ln1503_1 : 6
	State 2
		select_ln25_3 : 1
		select_ln25_4 : 1
		or_ln25 : 2
		select_ln25_5 : 2
		trunc_ln1503_2 : 2
		icmp_ln883_3 : 3
		or_ln25_1 : 3
		select_ln25_6 : 3
		tmp : 2
		tmp_1 : 2
		select_ln25_7 : 4
		trunc_ln25_2 : 4
		or_ln25_2 : 5
		tmp_2 : 4
		ssdm_int_V_write_ass : 5
		mrv_1 : 6
		ret_ln33 : 7


============================================================
+ Verbose Summary: Datapath Resource usage 
============================================================

* Functional unit list:
|----------|-----------------------------|---------|---------|
| Operation|       Functional Unit       |    FF   |   LUT   |
|----------|-----------------------------|---------|---------|
|          |          flag_fu_66         |    0    |    18   |
|          |       icmp_ln883_fu_86      |    0    |    13   |
|   icmp   |     icmp_ln883_1_fu_114     |    0    |    11   |
|          |     icmp_ln883_2_fu_163     |    0    |    9    |
|          |     icmp_ln883_3_fu_198     |    0    |    8    |
|----------|-----------------------------|---------|---------|
|          |      select_ln25_fu_92      |    0    |    16   |
|          |     select_ln25_2_fu_120    |    0    |    8    |
|          |     select_ln25_1_fu_142    |    0    |    5    |
|          |      select_ln26_fu_149     |    0    |    5    |
|  select  |     select_ln25_3_fu_156    |    0    |    5    |
|          |     select_ln25_4_fu_168    |    0    |    4    |
|          |     select_ln25_5_fu_180    |    0    |    5    |
|          |     select_ln25_6_fu_210    |    0    |    5    |
|          |     select_ln25_7_fu_234    |    0    |    2    |
|----------|-----------------------------|---------|---------|
|          |        or_ln25_fu_174       |    0    |    0    |
|    or    |       or_ln25_1_fu_204      |    0    |    0    |
|          |       or_ln25_2_fu_246      |    0    |    2    |
|----------|-----------------------------|---------|---------|
|   read   |    din_V_read_read_fu_60    |    0    |    0    |
|----------|-----------------------------|---------|---------|
|          |        trunc_ln_fu_72       |    0    |    0    |
|          |       trunc_ln2_fu_104      |    0    |    0    |
|partselect|    trunc_ln1503_1_fu_132    |    0    |    0    |
|          |    trunc_ln1503_2_fu_188    |    0    |    0    |
|          |         tmp_2_fu_252        |    0    |    0    |
|----------|-----------------------------|---------|---------|
|          |      trunc_ln1355_fu_82     |    0    |    0    |
|   trunc  |      trunc_ln25_fu_100      |    0    |    0    |
|          |     trunc_ln25_1_fu_128     |    0    |    0    |
|          |     trunc_ln25_2_fu_242     |    0    |    0    |
|----------|-----------------------------|---------|---------|
| bitselect|          tmp_fu_218         |    0    |    0    |
|          |         tmp_1_fu_226        |    0    |    0    |
|----------|-----------------------------|---------|---------|
|bitconcatenate| ssdm_int_V_write_ass_fu_262 |    0    |    0    |
|----------|-----------------------------|---------|---------|
|insertvalue|          mrv_fu_270         |    0    |    0    |
|          |         mrv_1_fu_275        |    0    |    0    |
|----------|-----------------------------|---------|---------|
|   Total  |                             |    0    |   116   |
|----------|-----------------------------|---------|---------|

Memories:
N/A

* Register list:
+----------------------+--------+
|                      |   FF   |
+----------------------+--------+
|     flag_reg_281     |    1   |
| icmp_ln883_1_reg_292 |    1   |
|  icmp_ln883_reg_286  |    1   |
|trunc_ln1503_1_reg_302|    4   |
| trunc_ln25_1_reg_297 |    4   |
+----------------------+--------+
|         Total        |   11   |
+----------------------+--------+

* Multiplexer (MUX) list: 
|--------|------|------|------|--------|
|  Comp  |  Pin | Size |  BW  | S x BW |
|--------|------|------|------|--------|
|  Total |      |      |      |    0   |
|--------|------|------|------|--------|



* Summary:
+-----------+--------+--------+
|           |   FF   |   LUT  |
+-----------+--------+--------+
|  Function |    0   |   116  |
|   Memory  |    -   |    -   |
|Multiplexer|    -   |    -   |
|  Register |   11   |    -   |
+-----------+--------+--------+
|   Total   |   11   |   116  |
+-----------+--------+--------+
