                             latency        interval
transaction       0:               1               2
transaction       1:               1               2
transaction       2:               1               2
transaction       3:               1               2
transaction       4:               1               2
transaction       5:               1               2
transaction       6:               1               2
transaction       7:               1               2
transaction       8:               1               2
transaction       9:               1               2
transaction      10:               1               2
transaction      11:               1               2
transaction      12:               1               2
transaction      13:               1               2
transaction      14:               1               2
transaction      15:               1               2
transaction      16:               1               2
transaction      17:               1               2
transaction      18:               1               2
transaction      19:               1               2
transaction      20:               1               2
transaction      21:               1               2
transaction      22:               1               2
transaction      23:               1               2
transaction      24:               1               2
transaction      25:               1               2
transaction      26:               1               2
transaction      27:               1               2
transaction      28:               1               2
transaction      29:               1               2
transaction      30:               1               2
transaction      31:               1               2
transaction      32:               1               2
transaction      33:               1               2
transaction      34:               1               2
transaction      35:               1               2
transaction      36:               1               2
transaction      37:               1               2
transaction      38:               1               2
transaction      39:               1               2
transaction      40:               1               2
transaction      41:               1               2
transaction      42:               1               2
transaction      43:               1               2
transaction      44:               1               2
transaction      45:               1               2
transaction      46:               1               2
transaction      47:               1               2
transaction      48:               1               2
transaction      49:               1               2
transaction      50:               1               2
transaction      51:               1               2
transaction      52:               1               2
transaction      53:               1               2
transaction      54:               1               2
transaction      55:               1               2
transaction      56:               1               2
transaction      57:               1               2
transaction      58:               1               2
transaction      59:               1               2
transaction      60:               1               2
transaction      61:               1               2
transaction      62:               1               2
transaction      63:               1               2
transaction      64:               1               2
transaction      65:               1               2
transaction      66:               1               2
transaction      67:               1               2
transaction      68:               1               2
transaction      69:               1               2
transaction      70:               1               2
transaction      71:               1               2
transaction      72:               1               2
transaction      73:               1               2
transaction      74:               1               2
transaction      75:               1               2
transaction      76:               1               2
transaction      77:               1               2
transaction      78:               1               2
transaction      79:               1               2
transaction      80:               1               2
transaction      81:               1               2
transaction      82:               1               2
transaction      83:               1               2
transaction      84:               1               2
transaction      85:               1               2
transaction      86:               1               2
transaction      87:               1               2
transaction      88:               1               2
transaction      89:               1               2
transaction      90:               1               2
transaction      91:               1               2
transaction      92:               1               2
transaction      93:               1               2
transaction      94:               1               2
transaction      95:               1               2
transaction      96:               1               2
transaction      97:               1               2
transaction      98:               1               2
transaction      99:               1               2
transaction     100:               1               2
transaction     101:               1               2
transaction     102:               1               2
transaction     103:               2               3
transaction     104:               2               3
transaction     105:               2               3
transaction     106:               2               3
transaction     107:               2               3
transaction     108:               2               3
transaction     109:               2               3
transaction     110:               2               3
transaction     111:               2               3
transaction     112:               2               3
transaction     113:               2               3
transaction     114:               2               3
transaction     115:               2               3
transaction     116:               2               3
transaction     117:               2               3
transaction     118:               2               3
transaction     119:               2               3
transaction     120:               2               3
transaction     121:               2               3
transaction     122:               2               3
transaction     123:               2               3
transaction     124:               2               3
transaction     125:               2               3
transaction     126:               2               3
transaction     127:               2               3
transaction     128:               2               3
transaction     129:               2               3
transaction     130:               2               3
transaction     131:               2               3
transaction     132:               2               3
transaction     133:               2               3
transaction     134:               2               3
transaction     135:               2               3
transaction     136:               2               3
transaction     137:               2               3
transaction     138:               2               3
transaction     139:               2               3
transaction     140:               2               3
transaction     141:               2               3
transaction     142:               2               3
transaction     143:               2               3
transaction     144:               2               3
transaction     145:               2               3
transaction     146:               2               3
transaction     147:               2               3
transaction     148:               2               3
transaction     149:               2               3
transaction     150:               2               3
transaction     151:               2               3
transaction     152:               2               3
transaction     153:               2               3
transaction     154:               2               3
transaction     155:               2               3
transaction     156:               2               3
transaction     157:               2               3
transaction     158:               2               3
transaction     159:               2               3
transaction     160:               2               3
transaction     161:               2               3
transaction     162:               2               3
transaction     163:               2               3
transaction     164:               2               3
transaction     165:               2               3
transaction     166:               2               3
transaction     167:               2               3
transaction     168:               2               3
transaction     169:               2               3
transaction     170:               2               3
transaction     171:               2               3
transaction     172:               2               3
transaction     173:               2               3
transaction     174:               2               3
transaction     175:               2               3
transaction     176:               2               3
transaction     177:               2               3
transaction     178:               2               3
transaction     179:               2               3
transaction     180:               2               3
transaction     181:               2               3
transaction     182:               2               3
transaction     183:               2               3
transaction     184:               2               3
transaction     185:               2               3
transaction     186:               2               3
transaction     187:               2               3
transaction     188:               2               3
transaction     189:               2               3
transaction     190:               2               3
transaction     191:               2               3
transaction     192:               2               3
transaction     193:               2               3
transaction     194:               2               3
transaction     195:               2               3
transaction     196:               2               3
transaction     197:               2               3
transaction     198:               2               3
transaction     199:               2               3
transaction     200:               2               3
transaction     201:               2               3
transaction     202:               2               3
transaction     203:               2               3
transaction     204:               2               3
transaction     205:               2               3
transaction     206:               1               2
transaction     207:               1               2
transaction     208:               1               2
transaction     209:               1               2
transaction     210:               1               2
transaction     211:               1               2
transaction     212:               1               2
transaction     213:               1               2
transaction     214:               1               2
transaction     215:               1               2
transaction     216:               1               2
transaction     217:               1               2
transaction     218:               1               2
transaction     219:               1               2
transaction     220:               1               2
transaction     221:               1               2
transaction     222:               1               2
transaction     223:               1               2
transaction     224:               1               2
transaction     225:               1               2
transaction     226:               1               2
transaction     227:               1               2
transaction     228:               1               2
transaction     229:               1               2
transaction     230:               1               2
transaction     231:               1               2
transaction     232:               1               2
transaction     233:               1               2
transaction     234:               1               2
transaction     235:               1               2
transaction     236:               1               2
transaction     237:               1               2
transaction     238:               1               2
transaction     239:               1               2
transaction     240:               1               2
transaction     241:               1               2
transaction     242:               1               2
transaction     243:               1               2
transaction     244:               1               2
transaction     245:               1               2
transaction     246:               1               2
transaction     247:               1               2
transaction     248:               1               2
transaction     249:               1               2
transaction     250:               1               2
transaction     251:               1               2
transaction     252:               1               2
transaction     253:               1               2
transaction     254:               1               2
transaction     255:               1               2
transaction     256:               1               2
transaction     257:               1               2
transaction     258:               1               2
transaction     259:               1               2
transaction     260:               1               2
transaction     261:               1               2
transaction     262:               1               2
transaction     263:               1               2
transaction     264:               1               2
transaction     265:               1               2
transaction     266:               1               2
transaction     267:               1               2
transaction     268:               1               2
transaction     269:               1               2
transaction     270:               1               2
transaction     271:               1               2
transaction     272:               1               2
transaction     273:               1               2
transaction     274:               1               2
transaction     275:               1               2
transaction     276:               1               2
transaction     277:               1               2
transaction     278:               1               2
transaction     279:               1               2
transaction     280:               1               2
transaction     281:               1               2
transaction     282:               1               2
transaction     283:               1               2
transaction     284:               1               2
transaction     285:               1               2
transaction     286:               1               2
transaction     287:               1               2
transaction     288:               1               2
transaction     289:               1               2
transaction     290:               1               2
transaction     291:               1               2
transaction     292:               1               2
transaction     293:               1               2
transaction     294:               1               2
transaction     295:               1               2
transaction     296:               1               2
transaction     297:               1               2
transaction     298:               1               2
transaction     299:               1               2
transaction     300:               1               2
transaction     301:               1               2
transaction     302:               1               2
transaction     303:               1               2
transaction     304:               1               2
transaction     305:               1               2
transaction     306:               1               2
transaction     307:               1               2
transaction     308:               1               2
transaction     309:               1               2
transaction     310:               1               2
transaction     311:               1               2
transaction     312:               1               2
transaction     313:               1               2
transaction     314:               1               2
transaction     315:               1               2
transaction     316:               1               2
transaction     317:               1               2
transaction     318:               1               2
transaction     319:               1               2
transaction     320:               1               2
transaction     321:               1               2
transaction     322:               1               2
transaction     323:               1               2
transaction     324:               1               2
transaction     325:               1               2
transaction     326:               1               2
transaction     327:               1               2
transaction     328:               1               2
transaction     329:               1               2
transaction     330:               1               2
transaction     331:               1               2
transaction     332:               1               2
transaction     333:               1               2
transaction     334:               1               2
transaction     335:               1               2
transaction     336:               1               2
transaction     337:               1               2
transaction     338:               1               2
transaction     339:               1               2
transaction     340:               1               2
transaction     341:               1               2
transaction     342:               1               2
transaction     343:               1               2
transaction     344:               1               2
transaction     345:               1               2
transaction     346:               1               2
transaction     347:               1               2
transaction     348:               1               2
transaction     349:               1               2
transaction     350:               1               2
transaction     351:               1               2
transaction     352:               1               2
transaction     353:               1               2
transaction     354:               1               2
transaction     355:               1               2
transaction     356:               1               2
transaction     357:               1               2
transaction     358:               1               2
transaction     359:               1               2
transaction     360:               1               2
transaction     361:               1               2
transaction     362:               1               2
transaction     363:               1               2
transaction     364:               1               2
transaction     365:               1               2
transaction     366:               1               2
transaction     367:               1               2
transaction     368:               1               2
transaction     369:               1               2
transaction     370:               1               2
transaction     371:               1               2
transaction     372:               1               2
transaction     373:               1               2
transaction     374:               1               2
transaction     375:               1               2
transaction     376:               1               2
transaction     377:               1               2
transaction     378:               1               2
transaction     379:               1               2
transaction     380:               1               2
transaction     381:               1               2
transaction     382:               1               2
transaction     383:               1               2
transaction     384:               1               2
transaction     385:               1               2
transaction     386:               1               2
transaction     387:               1               2
transaction     388:               1               2
transaction     389:               1               2
transaction     390:               1               2
transaction     391:               1               2
transaction     392:               1               2
transaction     393:               1               2
transaction     394:               1               2
transaction     395:               1               2
transaction     396:               1               2
transaction     397:               1               2
transaction     398:               1               2
transaction     399:               1               2
transaction     400:               1               2
transaction     401:               1               2
transaction     402:               1               2
transaction     403:               1               2
transaction     404:               1               2
transaction     405:               1               2
transaction     406:               1               2
transaction     407:               1               2
transaction     408:               1               2
transaction     409:               1               2
transaction     410:               1               2
transaction     411:               1               2
transaction     412:               2               3
transaction     413:               2               3
transaction     414:               2               3
transaction     415:               2               3
transaction     416:               2               3
transaction     417:               2               3
transaction     418:               2               3
transaction     419:               2               3
transaction     420:               2               3
transaction     421:               2               3
transaction     422:               2               3
transaction     423:               2               3
transaction     424:               2               3
transaction     425:               2               3
transaction     426:               2               3
transaction     427:               2               3
transaction     428:               2               3
transaction     429:               2               3
transaction     430:               2               3
transaction     431:               2               3
transaction     432:               2               3
transaction     433:               2               3
transaction     434:               2               3
transaction     435:               2               3
transaction     436:               2               3
transaction     437:               2               3
transaction     438:               2               3
transaction     439:               2               3
transaction     440:               2               3
transaction     441:               2               3
transaction     442:               2               3
transaction     443:               2               3
transaction     444:               2               3
transaction     445:               2               3
transaction     446:               2               3
transaction     447:               2               3
transaction     448:               2               3
transaction     449:               2               3
transaction     450:               2               3
transaction     451:               2               3
transaction     452:               2               3
transaction     453:               2               3
transaction     454:               2               3
transaction     455:               2               3
transaction     456:               2               3
transaction     457:               2               3
transaction     458:               2               3
transaction     459:               2               3
transaction     460:               2               3
transaction     461:               2               3
transaction     462:               2               3
transaction     463:               2               3
transaction     464:               2               3
transaction     465:               2               3
transaction     466:               2               3
transaction     467:               2               3
transaction     468:               2               3
transaction     469:               2               3
transaction     470:               2               3
transaction     471:               2               3
transaction     472:               2               3
transaction     473:               2               3
transaction     474:               2               3
transaction     475:               2               3
transaction     476:               2               3
transaction     477:               2               3
transaction     478:               2               3
transaction     479:               2               3
transaction     480:               2               3
transaction     481:               2               3
transaction     482:               2               3
transaction     483:               2               3
transaction     484:               2               3
transaction     485:               2               3
transaction     486:               2               3
transaction     487:               2               3
transaction     488:               2               3
transaction     489:               2               3
transaction     490:               2               3
transaction     491:               2               3
transaction     492:               2               3
transaction     493:               2               3
transaction     494:               2               3
transaction     495:               2               3
transaction     496:               2               3
transaction     497:               2               3
transaction     498:               2               3
transaction     499:               2               3
transaction     500:               2               3
transaction     501:               2               3
transaction     502:               2               3
transaction     503:               2               3
transaction     504:               2               3
transaction     505:               2               3
transaction     506:               2               3
transaction     507:               2               3
transaction     508:               2               3
transaction     509:               2               3
transaction     510:               2               3
transaction     511:               2               3
transaction     512:               2               3
transaction     513:               2               3
transaction     514:               2               3
transaction     515:              13              14
transaction     516:              13              14
transaction     517:              13              14
transaction     518:              13              14
transaction     519:              13              14
transaction     520:              13              14
transaction     521:              13              14
transaction     522:              13              14
transaction     523:              13              14
transaction     524:              13              14
transaction     525:              13              14
transaction     526:              13              14
transaction     527:              13              14
transaction     528:              13              14
transaction     529:              13              14
transaction     530:              13              14
transaction     531:              13              14
transaction     532:              13              14
transaction     533:              13              14
transaction     534:              13              14
transaction     535:              13              14
transaction     536:              13              14
transaction     537:              13              14
transaction     538:              13              14
transaction     539:              13              14
transaction     540:              13              14
transaction     541:              13              14
transaction     542:              13              14
transaction     543:              13              14
transaction     544:              13              14
transaction     545:              13              14
transaction     546:              13              14
transaction     547:              13              14
transaction     548:              13              14
transaction     549:              13              14
transaction     550:              13              14
transaction     551:              13              14
transaction     552:              13              14
transaction     553:              13              14
transaction     554:              13              14
transaction     555:              13              14
transaction     556:              13              14
transaction     557:              13              14
transaction     558:              13              14
transaction     559:              13              14
transaction     560:              13              14
transaction     561:              13              14
transaction     562:              13              14
transaction     563:              13              14
transaction     564:              13              14
transaction     565:              13              14
transaction     566:              13              14
transaction     567:              13              14
transaction     568:              13              14
transaction     569:              13              14
transaction     570:              13              14
transaction     571:              13              14
transaction     572:              13              14
transaction     573:              13              14
transaction     574:              13              14
transaction     575:              13              14
transaction     576:              13              14
transaction     577:              13              14
transaction     578:              13              14
transaction     579:              13              14
transaction     580:              13              14
transaction     581:              13              14
transaction     582:              13              14
transaction     583:              13              14
transaction     584:              13              14
transaction     585:              13              14
transaction     586:              13              14
transaction     587:              13              14
transaction     588:              13              14
transaction     589:              13              14
transaction     590:              13              14
transaction     591:              13              14
transaction     592:              13              14
transaction     593:              13              14
transaction     594:              13              14
transaction     595:              13              14
transaction     596:              13              14
transaction     597:              13              14
transaction     598:              13              14
transaction     599:              13              14
transaction     600:              13              14
transaction     601:              13              14
transaction     602:              13              14
transaction     603:              13              14
transaction     604:              13              14
transaction     605:              13              14
transaction     606:              13              14
transaction     607:              13              14
transaction     608:              13              14
transaction     609:              13              14
transaction     610:              13              14
transaction     611:              13              14
transaction     612:              13              14
transaction     613:              13              14
transaction     614:              13              14
transaction     615:              13              14
transaction     616:              13              14
transaction     617:              13              14
transaction     618:               1               2
transaction     619:               1               2
transaction     620:               1               2
transaction     621:               1               2
transaction     622:               1               2
transaction     623:               1               2
transaction     624:               1               2
transaction     625:               1               2
transaction     626:               1               2
transaction     627:               1               2
transaction     628:               1               2
transaction     629:               1               2
transaction     630:               1               2
transaction     631:               1               2
transaction     632:               1               2
transaction     633:               1               2
transaction     634:               1               2
transaction     635:               1               2
transaction     636:               1               2
transaction     637:               1               2
transaction     638:               1               2
transaction     639:               1               2
transaction     640:               1               2
transaction     641:               1               2
transaction     642:               1               2
transaction     643:               1               2
transaction     644:               1               2
transaction     645:               1               2
transaction     646:               1               2
transaction     647:               1               2
transaction     648:               1               2
transaction     649:               1               2
transaction     650:               1               2
transaction     651:               1               2
transaction     652:               1               2
transaction     653:               1               2
transaction     654:               1               2
transaction     655:               1               2
transaction     656:               1               2
transaction     657:               1               2
transaction     658:               1               2
transaction     659:               1               2
transaction     660:               1               2
transaction     661:               1               2
transaction     662:               1               2
transaction     663:               1               2
transaction     664:               1               2
transaction     665:               1               2
transaction     666:               1               2
transaction     667:               1               2
transaction     668:               1               2
transaction     669:               1               2
transaction     670:               1               2
transaction     671:               1               2
transaction     672:               1               2
transaction     673:               1               2
transaction     674:               1               2
transaction     675:               1               2
transaction     676:               1               2
transaction     677:               1               2
transaction     678:               1               2
transaction     679:               1               2
transaction     680:               1               2
transaction     681:               1               2
transaction     682:               1               2
transaction     683:               1               2
transaction     684:               1               2
transaction     685:               1               2
transaction     686:               1               2
transaction     687:               1               2
transaction     688:               1               2
transaction     689:               1               2
transaction     690:               1               2
transaction     691:               1               2
transaction     692:               1               2
transaction     693:               1               2
transaction     694:               1               2
transaction     695:               1               2
transaction     696:               1               2
transaction     697:               1               2
transaction     698:               1               2
transaction     699:               1               2
transaction     700:               1               2
transaction     701:               1               2
transaction     702:               1               2
transaction     703:               1               2
transaction     704:               1               2
transaction     705:               1               2
transaction     706:               1               2
transaction     707:               1               2
transaction     708:               1               2
transaction     709:               1               2
transaction     710:               1               2
transaction     711:               1               2
transaction     712:               1               2
transaction     713:               1               2
transaction     714:               1               2
transaction     715:               1               2
transaction     716:               1               2
transaction     717:               1               2
transaction     718:               1               x
