                             latency        interval
transaction       0:               2               3
transaction       1:               3               4
transaction       2:               2               3
transaction       3:               1               2
transaction       4:               1               2
transaction       5:               1               2
transaction       6:               1               2
transaction       7:               2               3
transaction       8:               1               2
transaction       9:               1               2
transaction      10:               2               3
transaction      11:               5               6
transaction      12:               2               3
transaction      13:               3               4
transaction      14:               2               3
transaction      15:               1               2
transaction      16:               1               2
transaction      17:               1               2
transaction      18:               1               2
transaction      19:               2               3
transaction      20:               1               2
transaction      21:               1               2
transaction      22:               2               3
transaction      23:               5               6
transaction      24:               2               3
transaction      25:               3               4
transaction      26:               2               3
transaction      27:               1               2
transaction      28:               1               2
transaction      29:               1               2
transaction      30:               1               2
transaction      31:               2               3
transaction      32:               1               2
transaction      33:               1               2
transaction      34:               2               3
transaction      35:               5               6
transaction      36:               2               3
transaction      37:               3               4
transaction      38:               2               3
transaction      39:               1               2
transaction      40:               1               2
transaction      41:               1               2
transaction      42:               1               2
transaction      43:               2               3
transaction      44:               1               2
transaction      45:               1               2
transaction      46:               2               3
transaction      47:               5               6
transaction      48:               2               3
transaction      49:               3               4
transaction      50:               2               3
transaction      51:               1               2
transaction      52:               1               2
transaction      53:               1               2
transaction      54:               1               2
transaction      55:               2               3
transaction      56:               1               2
transaction      57:               1               2
transaction      58:               2               3
transaction      59:               5               6
transaction      60:               2               3
transaction      61:               3               4
transaction      62:               2               3
transaction      63:               1               2
transaction      64:               1               2
transaction      65:               1               2
transaction      66:               1               2
transaction      67:               2               3
transaction      68:               1               2
transaction      69:               1               2
transaction      70:               2               3
transaction      71:               5               6
transaction      72:               2               3
transaction      73:               3               4
transaction      74:               2               3
transaction      75:               1               2
transaction      76:               1               2
transaction      77:               1               2
transaction      78:               1               2
transaction      79:               2               3
transaction      80:               1               2
transaction      81:               1               2
transaction      82:               2               3
transaction      83:               5               6
transaction      84:               2               3
transaction      85:               3               4
transaction      86:               2               3
transaction      87:               1               2
transaction      88:               1               2
transaction      89:               1               2
transaction      90:               1               2
transaction      91:               2               3
transaction      92:               1               2
transaction      93:               1               2
transaction      94:               2               3
transaction      95:               5               6
transaction      96:               2               3
transaction      97:               3               4
transaction      98:               2               3
transaction      99:               1               2
transaction     100:               1               2
transaction     101:               1               2
transaction     102:               1               2
transaction     103:               2               3
transaction     104:               1               2
transaction     105:               1               2
transaction     106:               2               3
transaction     107:               5               6
transaction     108:               2               3
transaction     109:               3               4
transaction     110:               2               3
transaction     111:               1               2
transaction     112:               1               2
transaction     113:               1               2
transaction     114:               1               2
transaction     115:               2               3
transaction     116:               1               2
transaction     117:               1               2
transaction     118:               2               3
transaction     119:               5               x
