

================================================================
== Vivado HLS Report for 'shift_reg'
================================================================
* Date:           Thu Apr  8 07:05:23 2021

* Version:        2019.2 (Build 2704478 on Wed Nov 06 22:10:23 MST 2019)
* Project:        Shift_Register
* Solution:       solution1
* Product family: zynq
* Target device:  xc7z020-clg400-1


================================================================
== Performance Estimates
================================================================
+ Timing: 
    * Summary: 
    +--------+----------+----------+------------+
    |  Clock |  Target  | Estimated| Uncertainty|
    +--------+----------+----------+------------+
    |ap_clk  | 10.00 ns | 3.017 ns |   1.25 ns  |
    +--------+----------+----------+------------+

+ Latency: 
    * Summary: 
    +---------+---------+-----------+----------+-----+-----+---------+
    |  Latency (cycles) |  Latency (absolute)  |  Interval | Pipeline|
    |   min   |   max   |    min    |    max   | min | max |   Type  |
    +---------+---------+-----------+----------+-----+-----+---------+
    |        1|       13| 10.000 ns | 0.130 us |    1|   13|   none  |
    +---------+---------+-----------+----------+-----+-----+---------+

    + Detail: 
        * Instance: 
        +-------------------------------------+--------------------+---------+---------+-----------+-----------+-----+-----+---------+
        |                                     |                    |  Latency (cycles) |   Latency (absolute)  |  Interval | Pipeline|
        |               Instance              |       Module       |   min   |   max   |    min    |    max    | min | max |   Type  |
        +-------------------------------------+--------------------+---------+---------+-----------+-----------+-----+-----+---------+
        |grp_shift_reg_class_fu_470           |shift_reg_class     |        1|        1| 10.000 ns | 10.000 ns |    1|    1|   none  |
        |grp_shift_reg_en_fu_522              |shift_reg_en        |        1|        1| 10.000 ns | 10.000 ns |    1|    1|   none  |
        |call_ret4_shift_reg_load_fu_554      |shift_reg_load      |        0|        0|    0 ns   |    0 ns   |    0|    0|   none  |
        |call_ret5_shift_reg_sreset_fu_598    |shift_reg_sreset    |        0|        0|    0 ns   |    0 ns   |    0|    0|   none  |
        |grp_shift_reg_ip_fu_626              |shift_reg_ip        |       12|       12|  0.120 us |  0.120 us |   12|   12|   none  |
        |call_ret2_shift_reg_basic_fu_636     |shift_reg_basic     |        0|        0|    0 ns   |    0 ns   |    0|    0|   none  |
        |call_ret1_shift_reg_template_fu_663  |shift_reg_template  |        0|        0|    0 ns   |    0 ns   |    0|    0|   none  |
        +-------------------------------------+--------------------+---------+---------+-----------+-----------+-----+-----+---------+

        * Loop: 
        N/A



================================================================
== Utilization Estimates
================================================================
* Summary: 
+-----------------+---------+-------+--------+-------+-----+
|       Name      | BRAM_18K| DSP48E|   FF   |  LUT  | URAM|
+-----------------+---------+-------+--------+-------+-----+
|DSP              |        -|      -|       -|      -|    -|
|Expression       |        -|      -|       0|      2|    -|
|FIFO             |        -|      -|       -|      -|    -|
|Instance         |        0|      -|    1629|   1365|    -|
|Memory           |        -|      -|       -|      -|    -|
|Multiplexer      |        -|      -|       -|    495|    -|
|Register         |        -|      -|       5|      -|    -|
+-----------------+---------+-------+--------+-------+-----+
|Total            |        0|      0|    1634|   1862|    0|
+-----------------+---------+-------+--------+-------+-----+
|Available        |      280|    220|  106400|  53200|    0|
+-----------------+---------+-------+--------+-------+-----+
|Utilization (%)  |        0|      0|       1|      3|    0|
+-----------------+---------+-------+--------+-------+-----+

+ Detail: 
    * Instance: 
    +-------------------------------------+--------------------+---------+-------+-----+-----+-----+
    |               Instance              |       Module       | BRAM_18K| DSP48E|  FF | LUT | URAM|
    +-------------------------------------+--------------------+---------+-------+-----+-----+-----+
    |call_ret2_shift_reg_basic_fu_636     |shift_reg_basic     |        0|      0|  185|  108|    0|
    |grp_shift_reg_class_fu_470           |shift_reg_class     |        0|      0|  282|  354|    0|
    |grp_shift_reg_en_fu_522              |shift_reg_en        |        0|      0|  282|  222|    0|
    |grp_shift_reg_ip_fu_626              |shift_reg_ip        |        0|      0|  165|  165|    0|
    |call_ret4_shift_reg_load_fu_554      |shift_reg_load      |        0|      0|  185|  204|    0|
    |call_ret5_shift_reg_sreset_fu_598    |shift_reg_sreset    |        0|      0|  185|  204|    0|
    |call_ret1_shift_reg_template_fu_663  |shift_reg_template  |        0|      0|  345|  108|    0|
    +-------------------------------------+--------------------+---------+-------+-----+-----+-----+
    |Total                                |                    |        0|      0| 1629| 1365|    0|
    +-------------------------------------+--------------------+---------+-------+-----+-----+-----+

    * DSP48E: 
    N/A

    * Memory: 
    N/A

    * FIFO: 
    N/A

    * Expression: 
    +---------------------------------+----------+-------+---+----+------------+------------+
    |          Variable Name          | Operation| DSP48E| FF| LUT| Bitwidth P0| Bitwidth P1|
    +---------------------------------+----------+-------+---+----+------------+------------+
    |ap_block_state2_on_subcall_done  |    or    |      0|  0|   2|           1|           1|
    +---------------------------------+----------+-------+---+----+------------+------------+
    |Total                            |          |      0|  0|   2|           1|           1|
    +---------------------------------+----------+-------+---+----+------------+------------+

    * Multiplexer: 
    +-----------+----+-----------+-----+-----------+
    |    Name   | LUT| Input Size| Bits| Total Bits|
    +-----------+----+-----------+-----+-----------+
    |ap_NS_fsm  |  15|          3|    1|          3|
    |dout0_0    |  41|          8|    8|         64|
    |dout0_1    |  41|          8|    8|         64|
    |dout0_10   |  38|          7|    8|         56|
    |dout0_11   |  38|          7|    8|         56|
    |dout0_2    |  41|          8|    8|         64|
    |dout0_3    |  41|          8|    8|         64|
    |dout0_4    |  41|          8|    8|         64|
    |dout0_5    |  41|          8|    8|         64|
    |dout0_6    |  41|          8|    8|         64|
    |dout0_7    |  41|          8|    8|         64|
    |dout0_8    |  38|          7|    8|         56|
    |dout0_9    |  38|          7|    8|         56|
    +-----------+----+-----------+-----+-----------+
    |Total      | 495|         95|   97|        739|
    +-----------+----+-----------+-----+-----------+

    * Register: 
    +-----------------------------------------+---+----+-----+-----------+
    |                   Name                  | FF| LUT| Bits| Const Bits|
    +-----------------------------------------+---+----+-----+-----------+
    |ap_CS_fsm                                |  2|   0|    2|          0|
    |grp_shift_reg_class_fu_470_ap_start_reg  |  1|   0|    1|          0|
    |grp_shift_reg_en_fu_522_ap_start_reg     |  1|   0|    1|          0|
    |grp_shift_reg_ip_fu_626_ap_start_reg     |  1|   0|    1|          0|
    +-----------------------------------------+---+----+-----+-----------+
    |Total                                    |  5|   0|    5|          0|
    +-----------------------------------------+---+----+-----+-----------+



================================================================
== Interface
================================================================
* Summary: 
+-----------------+-----+-----+------------+--------------+--------------+
|    RTL Ports    | Dir | Bits|  Protocol  | Source Object|    C Type    |
+-----------------+-----+-----+------------+--------------+--------------+
|ap_clk           |  in |    1| ap_ctrl_hs |   shift_reg  | return value |
|ap_rst           |  in |    1| ap_ctrl_hs |   shift_reg  | return value |
|ap_start         |  in |    1| ap_ctrl_hs |   shift_reg  | return value |
|ap_done          | out |    1| ap_ctrl_hs |   shift_reg  | return value |
|ap_idle          | out |    1| ap_ctrl_hs |   shift_reg  | return value |
|ap_ready         | out |    1| ap_ctrl_hs |   shift_reg  | return value |
|din0             |  in |    8|   ap_none  |     din0     |    scalar    |
|din1             |  in |   32|   ap_none  |     din1     |    scalar    |
|load_data_0      |  in |    8|   ap_none  |  load_data_0 |    pointer   |
|load_data_1      |  in |    8|   ap_none  |  load_data_1 |    pointer   |
|load_data_2      |  in |    8|   ap_none  |  load_data_2 |    pointer   |
|load_data_3      |  in |    8|   ap_none  |  load_data_3 |    pointer   |
|load_data_4      |  in |    8|   ap_none  |  load_data_4 |    pointer   |
|load_data_5      |  in |    8|   ap_none  |  load_data_5 |    pointer   |
|load_data_6      |  in |    8|   ap_none  |  load_data_6 |    pointer   |
|load_data_7      |  in |    8|   ap_none  |  load_data_7 |    pointer   |
|load_data_8      |  in |    8|   ap_none  |  load_data_8 |    pointer   |
|load_data_9      |  in |    8|   ap_none  |  load_data_9 |    pointer   |
|load_data_10     |  in |    8|   ap_none  | load_data_10 |    pointer   |
|load_data_11     |  in |    8|   ap_none  | load_data_11 |    pointer   |
|dout0_0          | out |    8|   ap_vld   |    dout0_0   |    pointer   |
|dout0_0_ap_vld   | out |    1|   ap_vld   |    dout0_0   |    pointer   |
|dout0_1          | out |    8|   ap_vld   |    dout0_1   |    pointer   |
|dout0_1_ap_vld   | out |    1|   ap_vld   |    dout0_1   |    pointer   |
|dout0_2          | out |    8|   ap_vld   |    dout0_2   |    pointer   |
|dout0_2_ap_vld   | out |    1|   ap_vld   |    dout0_2   |    pointer   |
|dout0_3          | out |    8|   ap_vld   |    dout0_3   |    pointer   |
|dout0_3_ap_vld   | out |    1|   ap_vld   |    dout0_3   |    pointer   |
|dout0_4          | out |    8|   ap_vld   |    dout0_4   |    pointer   |
|dout0_4_ap_vld   | out |    1|   ap_vld   |    dout0_4   |    pointer   |
|dout0_5          | out |    8|   ap_vld   |    dout0_5   |    pointer   |
|dout0_5_ap_vld   | out |    1|   ap_vld   |    dout0_5   |    pointer   |
|dout0_6          | out |    8|   ap_vld   |    dout0_6   |    pointer   |
|dout0_6_ap_vld   | out |    1|   ap_vld   |    dout0_6   |    pointer   |
|dout0_7          | out |    8|   ap_vld   |    dout0_7   |    pointer   |
|dout0_7_ap_vld   | out |    1|   ap_vld   |    dout0_7   |    pointer   |
|dout0_8          | out |    8|   ap_vld   |    dout0_8   |    pointer   |
|dout0_8_ap_vld   | out |    1|   ap_vld   |    dout0_8   |    pointer   |
|dout0_9          | out |    8|   ap_vld   |    dout0_9   |    pointer   |
|dout0_9_ap_vld   | out |    1|   ap_vld   |    dout0_9   |    pointer   |
|dout0_10         | out |    8|   ap_vld   |   dout0_10   |    pointer   |
|dout0_10_ap_vld  | out |    1|   ap_vld   |   dout0_10   |    pointer   |
|dout0_11         | out |    8|   ap_vld   |   dout0_11   |    pointer   |
|dout0_11_ap_vld  | out |    1|   ap_vld   |   dout0_11   |    pointer   |
|dout1_0          | out |   32|   ap_vld   |    dout1_0   |    pointer   |
|dout1_0_ap_vld   | out |    1|   ap_vld   |    dout1_0   |    pointer   |
|dout1_1          | out |   32|   ap_vld   |    dout1_1   |    pointer   |
|dout1_1_ap_vld   | out |    1|   ap_vld   |    dout1_1   |    pointer   |
|dout1_2          | out |   32|   ap_vld   |    dout1_2   |    pointer   |
|dout1_2_ap_vld   | out |    1|   ap_vld   |    dout1_2   |    pointer   |
|dout1_3          | out |   32|   ap_vld   |    dout1_3   |    pointer   |
|dout1_3_ap_vld   | out |    1|   ap_vld   |    dout1_3   |    pointer   |
|srst             |  in |    1|   ap_none  |     srst     |    scalar    |
|load             |  in |    1|   ap_none  |     load     |    scalar    |
|en               |  in |    1|   ap_none  |      en      |    scalar    |
|select_V         |  in |    3|   ap_none  |   select_V   |    scalar    |
+-----------------+-----+-----+------------+--------------+--------------+

