

================================================================
== Vivado HLS Report for 'leading_ones_log2'
================================================================
* Date:           Thu Apr  8 05:50:03 2021

* Version:        2019.2 (Build 2704478 on Wed Nov 06 22:10:23 MST 2019)
* Project:        Multiplexor
* Solution:       solution1
* Product family: zynq
* Target device:  xc7z020-clg400-1


================================================================
== Performance Estimates
================================================================
+ Timing: 
    * Summary: 
    +--------+----------+----------+------------+
    |  Clock |  Target  | Estimated| Uncertainty|
    +--------+----------+----------+------------+
    |ap_clk  | 10.00 ns | 6.033 ns |   1.25 ns  |
    +--------+----------+----------+------------+

+ Latency: 
    * Summary: 
    +---------+---------+-----------+-----------+-----+-----+---------+
    |  Latency (cycles) |   Latency (absolute)  |  Interval | Pipeline|
    |   min   |   max   |    min    |    max    | min | max |   Type  |
    +---------+---------+-----------+-----------+-----+-----+---------+
    |        1|        1| 10.000 ns | 10.000 ns |    1|    1|   none  |
    +---------+---------+-----------+-----------+-----+-----+---------+

    + Detail: 
        * Instance: 
        N/A

        * Loop: 
        N/A



================================================================
== Utilization Estimates
================================================================
* Summary: 
+-----------------+---------+-------+--------+-------+-----+
|       Name      | BRAM_18K| DSP48E|   FF   |  LUT  | URAM|
+-----------------+---------+-------+--------+-------+-----+
|DSP              |        -|      -|       -|      -|    -|
|Expression       |        -|      -|       0|    127|    -|
|FIFO             |        -|      -|       -|      -|    -|
|Instance         |        -|      -|       -|      -|    -|
|Memory           |        -|      -|       -|      -|    -|
|Multiplexer      |        -|      -|       -|     15|    -|
|Register         |        -|      -|      13|      -|    -|
+-----------------+---------+-------+--------+-------+-----+
|Total            |        0|      0|      13|    142|    0|
+-----------------+---------+-------+--------+-------+-----+
|Available        |      280|    220|  106400|  53200|    0|
+-----------------+---------+-------+--------+-------+-----+
|Utilization (%)  |        0|      0|   ~0   |   ~0  |    0|
+-----------------+---------+-------+--------+-------+-----+

+ Detail: 
    * Instance: 
    N/A

    * DSP48E: 
    N/A

    * Memory: 
    N/A

    * FIFO: 
    N/A

    * Expression: 
    +-------------------------+----------+-------+---+----+------------+------------+
    |      Variable Name      | Operation| DSP48E| FF| LUT| Bitwidth P0| Bitwidth P1|
    +-------------------------+----------+-------+---+----+------------+------------+
    |flag_fu_66_p2            |   icmp   |      0|  0|  18|          32|           1|
    |icmp_ln883_1_fu_114_p2   |   icmp   |      0|  0|  11|           8|           1|
    |icmp_ln883_2_fu_163_p2   |   icmp   |      0|  0|   9|           4|           1|
    |icmp_ln883_3_fu_198_p2   |   icmp   |      0|  0|   8|           2|           1|
    |icmp_ln883_fu_86_p2      |   icmp   |      0|  0|  13|          16|           1|
    |or_ln25_1_fu_204_p2      |    or    |      0|  0|   5|           5|           2|
    |or_ln25_2_fu_246_p2      |    or    |      0|  0|   2|           1|           1|
    |or_ln25_fu_174_p2        |    or    |      0|  0|   5|           5|           3|
    |select_ln25_1_fu_142_p3  |  select  |      0|  0|   6|           1|           1|
    |select_ln25_2_fu_120_p3  |  select  |      0|  0|   8|           1|           8|
    |select_ln25_3_fu_156_p3  |  select  |      0|  0|   5|           1|           5|
    |select_ln25_4_fu_168_p3  |  select  |      0|  0|   4|           1|           4|
    |select_ln25_5_fu_180_p3  |  select  |      0|  0|   5|           1|           5|
    |select_ln25_6_fu_210_p3  |  select  |      0|  0|   5|           1|           5|
    |select_ln25_7_fu_234_p3  |  select  |      0|  0|   2|           1|           1|
    |select_ln25_fu_92_p3     |  select  |      0|  0|  16|           1|          16|
    |select_ln26_fu_149_p3    |  select  |      0|  0|   5|           1|           4|
    +-------------------------+----------+-------+---+----+------------+------------+
    |Total                    |          |      0|  0| 127|          82|          60|
    +-------------------------+----------+-------+---+----+------------+------------+

    * Multiplexer: 
    +-----------+----+-----------+-----+-----------+
    |    Name   | LUT| Input Size| Bits| Total Bits|
    +-----------+----+-----------+-----+-----------+
    |ap_NS_fsm  |  15|          3|    1|          3|
    +-----------+----+-----------+-----+-----------+
    |Total      |  15|          3|    1|          3|
    +-----------+----+-----------+-----+-----------+

    * Register: 
    +------------------------+---+----+-----+-----------+
    |          Name          | FF| LUT| Bits| Const Bits|
    +------------------------+---+----+-----+-----------+
    |ap_CS_fsm               |  2|   0|    2|          0|
    |flag_reg_281            |  1|   0|    1|          0|
    |icmp_ln883_1_reg_292    |  1|   0|    1|          0|
    |icmp_ln883_reg_286      |  1|   0|    1|          0|
    |trunc_ln1503_1_reg_302  |  4|   0|    4|          0|
    |trunc_ln25_1_reg_297    |  4|   0|    4|          0|
    +------------------------+---+----+-----+-----------+
    |Total                   | 13|   0|   13|          0|
    +------------------------+---+----+-----+-----------+



================================================================
== Interface
================================================================
* Summary: 
+-------------+-----+-----+------------+-------------------+--------------+
|  RTL Ports  | Dir | Bits|  Protocol  |   Source Object   |    C Type    |
+-------------+-----+-----+------------+-------------------+--------------+
|ap_clk       |  in |    1| ap_ctrl_hs | leading_ones_log2 | return value |
|ap_rst       |  in |    1| ap_ctrl_hs | leading_ones_log2 | return value |
|ap_start     |  in |    1| ap_ctrl_hs | leading_ones_log2 | return value |
|ap_done      | out |    1| ap_ctrl_hs | leading_ones_log2 | return value |
|ap_idle      | out |    1| ap_ctrl_hs | leading_ones_log2 | return value |
|ap_ready     | out |    1| ap_ctrl_hs | leading_ones_log2 | return value |
|ap_return_0  | out |    1| ap_ctrl_hs | leading_ones_log2 | return value |
|ap_return_1  | out |    5| ap_ctrl_hs | leading_ones_log2 | return value |
|din_V        |  in |   32|   ap_none  |       din_V       |    scalar    |
+-------------+-----+-----+------------+-------------------+--------------+

