

================================================================
== Vivado HLS Report for 'max'
================================================================
* Date:           Thu Apr  8 05:50:01 2021

* Version:        2019.2 (Build 2704478 on Wed Nov 06 22:10:23 MST 2019)
* Project:        Multiplexor
* Solution:       solution1
* Product family: zynq
* Target device:  xc7z020-clg400-1


================================================================
== Performance Estimates
================================================================
+ Timing: 
    * Summary: 
    +--------+----------+----------+------------+
    |  Clock |  Target  | Estimated| Uncertainty|
    +--------+----------+----------+------------+
    |ap_clk  | 10.00 ns | 6.342 ns |   1.25 ns  |
    +--------+----------+----------+------------+

+ Latency: 
    * Summary: 
    +---------+---------+-----------+-----------+-----+-----+---------+
    |  Latency (cycles) |   Latency (absolute)  |  Interval | Pipeline|
    |   min   |   max   |    min    |    max    | min | max |   Type  |
    +---------+---------+-----------+-----------+-----+-----+---------+
    |        1|        1| 10.000 ns | 10.000 ns |    1|    1|   none  |
    +---------+---------+-----------+-----------+-----+-----+---------+

    + Detail: 
        * Instance: 
        N/A

        * Loop: 
        N/A



================================================================
== Utilization Estimates
================================================================
* Summary: 
+-----------------+---------+-------+--------+-------+-----+
|       Name      | BRAM_18K| DSP48E|   FF   |  LUT  | URAM|
+-----------------+---------+-------+--------+-------+-----+
|DSP              |        -|      -|       -|      -|    -|
|Expression       |        -|      -|       0|    350|    -|
|FIFO             |        -|      -|       -|      -|    -|
|Instance         |        -|      -|       -|      -|    -|
|Memory           |        -|      -|       -|      -|    -|
|Multiplexer      |        -|      -|       -|     15|    -|
|Register         |        -|      -|      66|      -|    -|
+-----------------+---------+-------+--------+-------+-----+
|Total            |        0|      0|      66|    365|    0|
+-----------------+---------+-------+--------+-------+-----+
|Available        |      280|    220|  106400|  53200|    0|
+-----------------+---------+-------+--------+-------+-----+
|Utilization (%)  |        0|      0|   ~0   |   ~0  |    0|
+-----------------+---------+-------+--------+-------+-----+

+ Detail: 
    * Instance: 
    N/A

    * DSP48E: 
    N/A

    * Memory: 
    N/A

    * FIFO: 
    N/A

    * Expression: 
    +----------------------+----------+-------+---+----+------------+------------+
    |     Variable Name    | Operation| DSP48E| FF| LUT| Bitwidth P0| Bitwidth P1|
    +----------------------+----------+-------+---+----+------------+------------+
    |icmp_ln8_1_fu_80_p2   |   icmp   |      0|  0|  18|          32|          32|
    |icmp_ln8_2_fu_94_p2   |   icmp   |      0|  0|  18|          32|          32|
    |icmp_ln8_3_fu_108_p2  |   icmp   |      0|  0|  18|          32|          32|
    |icmp_ln8_4_fu_122_p2  |   icmp   |      0|  0|  18|          32|          32|
    |icmp_ln8_5_fu_136_p2  |   icmp   |      0|  0|  18|          32|          32|
    |icmp_ln8_6_fu_150_p2  |   icmp   |      0|  0|  18|          32|          32|
    |icmp_ln8_fu_66_p2     |   icmp   |      0|  0|  18|          32|          32|
    |ap_return             |  select  |      0|  0|  32|           1|          32|
    |m0_1_fu_100_p3        |  select  |      0|  0|  32|           1|          32|
    |m0_2_fu_114_p3        |  select  |      0|  0|  32|           1|          32|
    |m0_fu_72_p3           |  select  |      0|  0|  32|           1|          32|
    |m1_1_fu_128_p3        |  select  |      0|  0|  32|           1|          32|
    |m1_2_fu_142_p3        |  select  |      0|  0|  32|           1|          32|
    |m1_fu_86_p3           |  select  |      0|  0|  32|           1|          32|
    +----------------------+----------+-------+---+----+------------+------------+
    |Total                 |          |      0|  0| 350|         231|         448|
    +----------------------+----------+-------+---+----+------------+------------+

    * Multiplexer: 
    +-----------+----+-----------+-----+-----------+
    |    Name   | LUT| Input Size| Bits| Total Bits|
    +-----------+----+-----------+-----+-----------+
    |ap_NS_fsm  |  15|          3|    1|          3|
    +-----------+----+-----------+-----+-----------+
    |Total      |  15|          3|    1|          3|
    +-----------+----+-----------+-----+-----------+

    * Register: 
    +--------------+----+----+-----+-----------+
    |     Name     | FF | LUT| Bits| Const Bits|
    +--------------+----+----+-----+-----------+
    |ap_CS_fsm     |   2|   0|    2|          0|
    |m0_1_reg_160  |  32|   0|   32|          0|
    |m1_2_reg_166  |  32|   0|   32|          0|
    +--------------+----+----+-----+-----------+
    |Total         |  66|   0|   66|          0|
    +--------------+----+----+-----+-----------+



================================================================
== Interface
================================================================
* Summary: 
+------------+-----+-----+------------+--------------+--------------+
|  RTL Ports | Dir | Bits|  Protocol  | Source Object|    C Type    |
+------------+-----+-----+------------+--------------+--------------+
|ap_clk      |  in |    1| ap_ctrl_hs |      max     | return value |
|ap_rst      |  in |    1| ap_ctrl_hs |      max     | return value |
|ap_start    |  in |    1| ap_ctrl_hs |      max     | return value |
|ap_done     | out |    1| ap_ctrl_hs |      max     | return value |
|ap_idle     | out |    1| ap_ctrl_hs |      max     | return value |
|ap_ready    | out |    1| ap_ctrl_hs |      max     | return value |
|ap_return   | out |   32| ap_ctrl_hs |      max     | return value |
|din_0_read  |  in |   32|   ap_none  |  din_0_read  |    scalar    |
|din_1_read  |  in |   32|   ap_none  |  din_1_read  |    scalar    |
|din_2_read  |  in |   32|   ap_none  |  din_2_read  |    scalar    |
|din_3_read  |  in |   32|   ap_none  |  din_3_read  |    scalar    |
|din_4_read  |  in |   32|   ap_none  |  din_4_read  |    scalar    |
|din_5_read  |  in |   32|   ap_none  |  din_5_read  |    scalar    |
|din_6_read  |  in |   32|   ap_none  |  din_6_read  |    scalar    |
|din_7_read  |  in |   32|   ap_none  |  din_7_read  |    scalar    |
+------------+-----+-----+------------+--------------+--------------+

