

================================================================
== Vivado HLS Report for 'mux_onehot_if'
================================================================
* Date:           Thu Apr  8 05:50:02 2021

* Version:        2019.2 (Build 2704478 on Wed Nov 06 22:10:23 MST 2019)
* Project:        Multiplexor
* Solution:       solution1
* Product family: zynq
* Target device:  xc7z020-clg400-1


================================================================
== Performance Estimates
================================================================
+ Timing: 
    * Summary: 
    +--------+----------+----------+------------+
    |  Clock |  Target  | Estimated| Uncertainty|
    +--------+----------+----------+------------+
    |ap_clk  | 10.00 ns | 8.397 ns |   1.25 ns  |
    +--------+----------+----------+------------+

+ Latency: 
    * Summary: 
    +---------+---------+-----------+-----------+-----+-----+---------+
    |  Latency (cycles) |   Latency (absolute)  |  Interval | Pipeline|
    |   min   |   max   |    min    |    max    | min | max |   Type  |
    +---------+---------+-----------+-----------+-----+-----+---------+
    |        1|        1| 10.000 ns | 10.000 ns |    1|    1|   none  |
    +---------+---------+-----------+-----------+-----+-----+---------+

    + Detail: 
        * Instance: 
        N/A

        * Loop: 
        N/A



================================================================
== Utilization Estimates
================================================================
* Summary: 
+-----------------+---------+-------+--------+-------+-----+
|       Name      | BRAM_18K| DSP48E|   FF   |  LUT  | URAM|
+-----------------+---------+-------+--------+-------+-----+
|DSP              |        -|      -|       -|      -|    -|
|Expression       |        -|      -|       0|    202|    -|
|FIFO             |        -|      -|       -|      -|    -|
|Instance         |        -|      -|       -|      -|    -|
|Memory           |        -|      -|       -|      -|    -|
|Multiplexer      |        -|      -|       -|     24|    -|
|Register         |        -|      -|      18|      -|    -|
+-----------------+---------+-------+--------+-------+-----+
|Total            |        0|      0|      18|    226|    0|
+-----------------+---------+-------+--------+-------+-----+
|Available        |      280|    220|  106400|  53200|    0|
+-----------------+---------+-------+--------+-------+-----+
|Utilization (%)  |        0|      0|   ~0   |   ~0  |    0|
+-----------------+---------+-------+--------+-------+-----+

+ Detail: 
    * Instance: 
    N/A

    * DSP48E: 
    N/A

    * Memory: 
    N/A

    * FIFO: 
    N/A

    * Expression: 
    +--------------------------+----------+-------+---+----+------------+------------+
    |       Variable Name      | Operation| DSP48E| FF| LUT| Bitwidth P0| Bitwidth P1|
    +--------------------------+----------+-------+---+----+------------+------------+
    |and_ln879_1_fu_154_p2     |    and   |      0|  0|   2|           1|           1|
    |and_ln879_2_fu_172_p2     |    and   |      0|  0|   2|           1|           1|
    |and_ln879_3_fu_190_p2     |    and   |      0|  0|   2|           1|           1|
    |and_ln879_4_fu_208_p2     |    and   |      0|  0|   2|           1|           1|
    |and_ln879_5_fu_226_p2     |    and   |      0|  0|   2|           1|           1|
    |and_ln879_fu_255_p2       |    and   |      0|  0|   2|           1|           1|
    |icmp_ln879_1_fu_100_p2    |   icmp   |      0|  0|  11|           8|           2|
    |icmp_ln879_2_fu_106_p2    |   icmp   |      0|  0|  11|           8|           3|
    |icmp_ln879_3_fu_112_p2    |   icmp   |      0|  0|  11|           8|           4|
    |icmp_ln879_4_fu_118_p2    |   icmp   |      0|  0|  11|           8|           5|
    |icmp_ln879_5_fu_124_p2    |   icmp   |      0|  0|  11|           8|           6|
    |icmp_ln879_6_fu_130_p2    |   icmp   |      0|  0|  11|           8|           7|
    |icmp_ln879_7_fu_136_p2    |   icmp   |      0|  0|  13|           8|           9|
    |icmp_ln879_fu_94_p2       |   icmp   |      0|  0|  11|           8|           1|
    |or_ln879_10_fu_312_p2     |    or    |      0|  0|   2|           1|           1|
    |or_ln879_11_fu_325_p2     |    or    |      0|  0|   2|           1|           1|
    |or_ln879_1_fu_160_p2      |    or    |      0|  0|   2|           1|           1|
    |or_ln879_2_fu_178_p2      |    or    |      0|  0|   2|           1|           1|
    |or_ln879_3_fu_196_p2      |    or    |      0|  0|   2|           1|           1|
    |or_ln879_4_fu_214_p2      |    or    |      0|  0|   2|           1|           1|
    |or_ln879_5_fu_232_p2      |    or    |      0|  0|   2|           1|           1|
    |or_ln879_6_fu_238_p2      |    or    |      0|  0|   2|           1|           1|
    |or_ln879_7_fu_281_p2      |    or    |      0|  0|   2|           1|           1|
    |or_ln879_8_fu_293_p2      |    or    |      0|  0|   2|           1|           1|
    |or_ln879_9_fu_244_p2      |    or    |      0|  0|   2|           1|           1|
    |or_ln879_fu_142_p2        |    or    |      0|  0|   2|           1|           1|
    |select_ln879_1_fu_267_p3  |  select  |      0|  0|   8|           1|           8|
    |select_ln879_2_fu_274_p3  |  select  |      0|  0|   8|           1|           8|
    |select_ln879_3_fu_286_p3  |  select  |      0|  0|   8|           1|           8|
    |select_ln879_4_fu_297_p3  |  select  |      0|  0|   8|           1|           8|
    |select_ln879_5_fu_304_p3  |  select  |      0|  0|   8|           1|           8|
    |select_ln879_6_fu_318_p3  |  select  |      0|  0|   8|           1|           8|
    |select_ln879_7_fu_330_p3  |  select  |      0|  0|   8|           1|           8|
    |select_ln879_fu_260_p3    |  select  |      0|  0|   8|           1|           8|
    |xor_ln879_1_fu_148_p2     |    xor   |      0|  0|   2|           1|           2|
    |xor_ln879_2_fu_166_p2     |    xor   |      0|  0|   2|           1|           2|
    |xor_ln879_3_fu_184_p2     |    xor   |      0|  0|   2|           1|           2|
    |xor_ln879_4_fu_202_p2     |    xor   |      0|  0|   2|           1|           2|
    |xor_ln879_5_fu_220_p2     |    xor   |      0|  0|   2|           1|           2|
    |xor_ln879_fu_250_p2       |    xor   |      0|  0|   2|           1|           2|
    +--------------------------+----------+-------+---+----+------------+------------+
    |Total                     |          |      0|  0| 202|          96|         131|
    +--------------------------+----------+-------+---+----+------------+------------+

    * Multiplexer: 
    +-----------+----+-----------+-----+-----------+
    |    Name   | LUT| Input Size| Bits| Total Bits|
    +-----------+----+-----------+-----+-----------+
    |ap_NS_fsm  |  15|          3|    1|          3|
    |ap_return  |   9|          2|    8|         16|
    +-----------+----+-----------+-----+-----------+
    |Total      |  24|          5|    9|         19|
    +-----------+----+-----------+-----+-----------+

    * Register: 
    +----------------------+---+----+-----+-----------+
    |         Name         | FF| LUT| Bits| Const Bits|
    +----------------------+---+----+-----+-----------+
    |and_ln879_1_reg_355   |  1|   0|    1|          0|
    |and_ln879_3_reg_361   |  1|   0|    1|          0|
    |and_ln879_5_reg_366   |  1|   0|    1|          0|
    |ap_CS_fsm             |  2|   0|    2|          0|
    |ap_return_preg        |  8|   0|    8|          0|
    |icmp_ln879_1_reg_345  |  1|   0|    1|          0|
    |icmp_ln879_7_reg_350  |  1|   0|    1|          0|
    |icmp_ln879_reg_338    |  1|   0|    1|          0|
    |or_ln879_5_reg_371    |  1|   0|    1|          0|
    |or_ln879_9_reg_376    |  1|   0|    1|          0|
    +----------------------+---+----+-----+-----------+
    |Total                 | 18|   0|   18|          0|
    +----------------------+---+----+-----+-----------+



================================================================
== Interface
================================================================
* Summary: 
+--------------+-----+-----+------------+---------------+--------------+
|   RTL Ports  | Dir | Bits|  Protocol  | Source Object |    C Type    |
+--------------+-----+-----+------------+---------------+--------------+
|ap_clk        |  in |    1| ap_ctrl_hs | mux_onehot_if | return value |
|ap_rst        |  in |    1| ap_ctrl_hs | mux_onehot_if | return value |
|ap_start      |  in |    1| ap_ctrl_hs | mux_onehot_if | return value |
|ap_done       | out |    1| ap_ctrl_hs | mux_onehot_if | return value |
|ap_idle       | out |    1| ap_ctrl_hs | mux_onehot_if | return value |
|ap_ready      | out |    1| ap_ctrl_hs | mux_onehot_if | return value |
|ap_return     | out |    8| ap_ctrl_hs | mux_onehot_if | return value |
|din_0_V_read  |  in |    8|   ap_none  |  din_0_V_read |    scalar    |
|din_1_V_read  |  in |    8|   ap_none  |  din_1_V_read |    scalar    |
|din_2_V_read  |  in |    8|   ap_none  |  din_2_V_read |    scalar    |
|din_3_V_read  |  in |    8|   ap_none  |  din_3_V_read |    scalar    |
|din_4_V_read  |  in |    8|   ap_none  |  din_4_V_read |    scalar    |
|din_5_V_read  |  in |    8|   ap_none  |  din_5_V_read |    scalar    |
|din_6_V_read  |  in |    8|   ap_none  |  din_6_V_read |    scalar    |
|din_7_V_read  |  in |    8|   ap_none  |  din_7_V_read |    scalar    |
|sel_V         |  in |    8|   ap_none  |     sel_V     |    scalar    |
+--------------+-----+-----+------------+---------------+--------------+

